/home/stanford/tmp/Test-01/YA00193514-LMO_S41_L001_R1_001.fastq.gz

/home/stanford/tmp/Test-01/YA00193514-LMO_S41_L001_R2_001.fastq.gz
Path to Cutadapt set as: 'cutadapt' (default)
Cutadapt seems to be working fine (tested command 'cutadapt --version')
Cutadapt version: 2.6
Could not detect version of Python used by Cutadapt from the first line of Cutadapt (but found this: >>>#!/bin/sh<<<)
Letting the (modified) Cutadapt deal with the Python version instead
Parallel gzip (pigz) detected. Proceeding with multicore (de)compression using 4 cores

No quality encoding type selected. Assuming that the data provided uses Sanger encoded Phred scores (default)

Output will be written into the directory: /home/stanford/tmp/Test-01/trimGalore_11_Feb_2020/clean_reads/


AUTO-DETECTING ADAPTER TYPE
===========================
Attempting to auto-detect adapter type from the first 1 million sequences of the first file (>> /home/stanford/tmp/Test-01/YA00193514-LMO_S41_L001_R1_001.fastq.gz <<)

Found perfect matches for the following adapter sequences:
Adapter type	Count	Sequence	Sequences analysed	Percentage
Nextera	208	CTGTCTCTTATA	770593	0.03
smallRNA	35	TGGAATTCTCGG	770593	0.00
Illumina	0	AGATCGGAAGAGC	770593	0.00
Using Nextera adapter for trimming (count: 208). Second best hit was smallRNA (count: 35)

Writing report to '/home/stanford/tmp/Test-01/trimGalore_11_Feb_2020/clean_reads/YA00193514-LMO_S41_L001_R1_001.fastq.gz_trimming_report.txt'

SUMMARISING RUN PARAMETERS
==========================
Input filename: /home/stanford/tmp/Test-01/YA00193514-LMO_S41_L001_R1_001.fastq.gz
Trimming mode: paired-end
Trim Galore version: 0.6.2
Cutadapt version: 2.6
Python version: could not detect
Number of cores used for trimming: 4
Quality Phred score cutoff: 20
Quality encoding type selected: ASCII+33
Adapter sequence: 'CTGTCTCTTATA' (Nextera Transposase sequence; auto-detected)
Maximum trimming error rate: 0.1 (default)
Minimum required adapter overlap (stringency): 1 bp
Minimum required sequence length for both reads before a sequence pair gets removed: 50 bp
Removing Ns from the start and end of reads
Length cut-off for read 1: 85 bp
Length cut-off for read 2: 85 bp
Output file(s) will be GZIP compressed

Cutadapt seems to be fairly up-to-date (version 2.6). Setting -j 4
Writing final adapter and quality trimmed output to YA00193514-LMO_S41_L001_R1_001_trimmed.fq.gz


  >>> Now performing quality (cutoff '-q 20') and adapter trimming in a single pass for the adapter sequence: 'CTGTCTCTTATA' from file /home/stanford/tmp/Test-01/YA00193514-LMO_S41_L001_R1_001.fastq.gz <<< 
This is cutadapt 2.6 with Python 3.6.9
Command line parameters: -j 4 -e 0.1 -q 20 -O 1 --trim-n -a CTGTCTCTTATA /home/stanford/tmp/Test-01/YA00193514-LMO_S41_L001_R1_001.fastq.gz
Processing reads on 4 cores in single-end mode ...
Finished in 15.17 s (20 us/read; 3.05 M reads/minute).

=== Summary ===

Total reads processed:                 770,593
Reads with adapters:                   146,852 (19.1%)
Reads written (passing filters):       770,593 (100.0%)

Total basepairs processed:   207,458,567 bp
Quality-trimmed:                 656,805 bp (0.3%)
Total written (filtered):    206,527,352 bp (99.6%)

=== Adapter 1 ===

Sequence: CTGTCTCTTATA; Type: regular 3'; Length: 12; Trimmed: 146852 times.

No. of allowed errors:
0-9 bp: 0; 10-12 bp: 1

Bases preceding removed adapters:
  A: 33.1%
  C: 18.1%
  G: 21.2%
  T: 27.6%
  none/other: 0.0%

Overview of removed sequences
length	count	expect	max.err	error counts
1	121688	192648.2	0	121688
2	17823	48162.1	0	17823
3	5376	12040.5	0	5376
4	686	3010.1	0	686
5	220	752.5	0	220
6	50	188.1	0	50
7	13	47.0	0	13
8	7	11.8	0	7
9	14	2.9	0	2 12
10	20	0.7	1	2 18
11	13	0.2	1	1 12
12	7	0.0	1	1 6
13	10	0.0	1	4 6
14	7	0.0	1	0 7
15	5	0.0	1	0 5
16	8	0.0	1	2 6
17	5	0.0	1	0 5
18	5	0.0	1	3 2
19	8	0.0	1	1 7
20	8	0.0	1	4 4
21	4	0.0	1	0 4
22	4	0.0	1	0 4
23	8	0.0	1	0 8
24	2	0.0	1	0 2
25	6	0.0	1	2 4
26	10	0.0	1	3 7
27	6	0.0	1	1 5
28	6	0.0	1	1 5
29	10	0.0	1	2 8
30	6	0.0	1	2 4
31	6	0.0	1	1 5
32	4	0.0	1	1 3
33	3	0.0	1	1 2
34	5	0.0	1	2 3
35	8	0.0	1	2 6
36	9	0.0	1	7 2
37	5	0.0	1	0 5
38	4	0.0	1	0 4
39	1	0.0	1	1
40	6	0.0	1	2 4
41	6	0.0	1	3 3
42	5	0.0	1	2 3
43	2	0.0	1	1 1
44	5	0.0	1	0 5
45	10	0.0	1	4 6
46	6	0.0	1	0 6
47	4	0.0	1	2 2
48	3	0.0	1	0 3
49	4	0.0	1	1 3
50	3	0.0	1	2 1
51	1	0.0	1	0 1
52	2	0.0	1	0 2
53	5	0.0	1	2 3
54	5	0.0	1	0 5
55	3	0.0	1	0 3
56	9	0.0	1	3 6
57	10	0.0	1	2 8
58	5	0.0	1	1 4
59	7	0.0	1	1 6
60	3	0.0	1	0 3
61	9	0.0	1	2 7
62	6	0.0	1	1 5
63	2	0.0	1	0 2
64	2	0.0	1	0 2
65	4	0.0	1	2 2
66	3	0.0	1	0 3
67	9	0.0	1	1 8
68	8	0.0	1	1 7
69	6	0.0	1	0 6
70	4	0.0	1	0 4
71	13	0.0	1	2 11
72	8	0.0	1	2 6
73	6	0.0	1	1 5
74	8	0.0	1	2 6
75	11	0.0	1	4 7
76	18	0.0	1	6 12
77	36	0.0	1	14 22
78	38	0.0	1	14 24
79	62	0.0	1	20 42
80	29	0.0	1	17 12
81	4	0.0	1	1 3
82	6	0.0	1	0 6
83	4	0.0	1	2 2
84	4	0.0	1	2 2
85	2	0.0	1	1 1
86	3	0.0	1	2 1
87	4	0.0	1	4
88	3	0.0	1	1 2
89	6	0.0	1	1 5
90	1	0.0	1	0 1
91	5	0.0	1	0 5
92	7	0.0	1	0 7
93	3	0.0	1	0 3
95	3	0.0	1	0 3
96	1	0.0	1	1
97	1	0.0	1	0 1
99	2	0.0	1	0 2
100	1	0.0	1	0 1
101	2	0.0	1	0 2
102	2	0.0	1	0 2
103	2	0.0	1	0 2
104	1	0.0	1	0 1
107	5	0.0	1	0 5
108	3	0.0	1	0 3
109	2	0.0	1	1 1
110	1	0.0	1	0 1
111	4	0.0	1	0 4
112	5	0.0	1	0 5
113	2	0.0	1	0 2
114	2	0.0	1	0 2
115	2	0.0	1	0 2
116	1	0.0	1	1
117	3	0.0	1	0 3
118	1	0.0	1	0 1
120	1	0.0	1	0 1
121	4	0.0	1	1 3
122	4	0.0	1	0 4
124	7	0.0	1	0 7
126	2	0.0	1	1 1
127	2	0.0	1	0 2
129	1	0.0	1	1
130	3	0.0	1	0 3
131	4	0.0	1	0 4
132	2	0.0	1	1 1
133	1	0.0	1	0 1
135	2	0.0	1	0 2
136	4	0.0	1	0 4
137	4	0.0	1	0 4
139	2	0.0	1	2
140	5	0.0	1	2 3
141	1	0.0	1	0 1
142	2	0.0	1	0 2
143	1	0.0	1	0 1
144	1	0.0	1	0 1
145	4	0.0	1	0 4
146	1	0.0	1	0 1
147	1	0.0	1	0 1
148	2	0.0	1	0 2
149	3	0.0	1	0 3
150	2	0.0	1	0 2
151	4	0.0	1	0 4
152	3	0.0	1	0 3
153	1	0.0	1	0 1
155	3	0.0	1	0 3
156	1	0.0	1	0 1
157	3	0.0	1	0 3
158	4	0.0	1	0 4
159	5	0.0	1	0 5
160	2	0.0	1	1 1
161	2	0.0	1	0 2
162	5	0.0	1	0 5
163	3	0.0	1	1 2
164	4	0.0	1	0 4
165	2	0.0	1	0 2
168	1	0.0	1	0 1
169	2	0.0	1	0 2
170	2	0.0	1	0 2
171	2	0.0	1	0 2
172	3	0.0	1	0 3
173	3	0.0	1	0 3
174	3	0.0	1	1 2
175	2	0.0	1	0 2
176	2	0.0	1	0 2
177	6	0.0	1	0 6
179	3	0.0	1	0 3
180	2	0.0	1	0 2
181	3	0.0	1	0 3
183	2	0.0	1	0 2
184	3	0.0	1	1 2
186	2	0.0	1	0 2
187	2	0.0	1	0 2
188	1	0.0	1	0 1
189	2	0.0	1	0 2
190	1	0.0	1	0 1
191	2	0.0	1	0 2
192	2	0.0	1	1 1
193	2	0.0	1	0 2
195	2	0.0	1	0 2
197	1	0.0	1	1
200	1	0.0	1	0 1
201	2	0.0	1	0 2
203	1	0.0	1	0 1
204	2	0.0	1	0 2
205	2	0.0	1	0 2
206	1	0.0	1	0 1
207	1	0.0	1	0 1
208	1	0.0	1	0 1
209	3	0.0	1	0 3
211	3	0.0	1	0 3
212	2	0.0	1	0 2
214	3	0.0	1	0 3
215	5	0.0	1	0 5
217	1	0.0	1	0 1
218	3	0.0	1	0 3
221	2	0.0	1	1 1
224	2	0.0	1	1 1
225	1	0.0	1	0 1
226	2	0.0	1	0 2
227	1	0.0	1	0 1
228	1	0.0	1	0 1
229	4	0.0	1	0 4
230	2	0.0	1	0 2
234	1	0.0	1	0 1
235	3	0.0	1	1 2
236	3	0.0	1	0 3
237	1	0.0	1	0 1
238	1	0.0	1	0 1
239	2	0.0	1	0 2
241	1	0.0	1	0 1
242	1	0.0	1	0 1
243	2	0.0	1	1 1
244	3	0.0	1	0 3
246	1	0.0	1	0 1
248	2	0.0	1	0 2
249	2	0.0	1	0 2
250	1	0.0	1	0 1
252	1	0.0	1	0 1
253	2	0.0	1	0 2
256	2	0.0	1	0 2
258	2	0.0	1	0 2
259	2	0.0	1	0 2
260	3	0.0	1	0 3
261	2	0.0	1	0 2
262	1	0.0	1	0 1
264	1	0.0	1	0 1
265	2	0.0	1	0 2
268	1	0.0	1	0 1
269	1	0.0	1	0 1
271	1	0.0	1	0 1
272	5	0.0	1	0 5
273	4	0.0	1	0 4
274	1	0.0	1	0 1
276	3	0.0	1	0 3
278	1	0.0	1	0 1
279	1	0.0	1	0 1
282	4	0.0	1	0 4
285	1	0.0	1	0 1
290	3	0.0	1	0 3
291	1	0.0	1	0 1
292	2	0.0	1	0 2
293	3	0.0	1	0 3
294	1	0.0	1	0 1
298	3	0.0	1	0 3

RUN STATISTICS FOR INPUT FILE: /home/stanford/tmp/Test-01/YA00193514-LMO_S41_L001_R1_001.fastq.gz
=============================================
770593 sequences processed in total
The length threshold of paired-end sequences gets evaluated later on (in the validation step)

Writing report to '/home/stanford/tmp/Test-01/trimGalore_11_Feb_2020/clean_reads/YA00193514-LMO_S41_L001_R2_001.fastq.gz_trimming_report.txt'

SUMMARISING RUN PARAMETERS
==========================
Input filename: /home/stanford/tmp/Test-01/YA00193514-LMO_S41_L001_R2_001.fastq.gz
Trimming mode: paired-end
Trim Galore version: 0.6.2
Cutadapt version: 2.6
Python version: could not detect
Number of cores used for trimming: 4
Quality Phred score cutoff: 20
Quality encoding type selected: ASCII+33
Adapter sequence: 'CTGTCTCTTATA' (Nextera Transposase sequence; auto-detected)
Maximum trimming error rate: 0.1 (default)
Minimum required adapter overlap (stringency): 1 bp
Minimum required sequence length for both reads before a sequence pair gets removed: 50 bp
Removing Ns from the start and end of reads
Length cut-off for read 1: 85 bp
Length cut-off for read 2: 85 bp
Output file(s) will be GZIP compressed

Cutadapt seems to be fairly up-to-date (version 2.6). Setting -j -j 4
Writing final adapter and quality trimmed output to YA00193514-LMO_S41_L001_R2_001_trimmed.fq.gz


  >>> Now performing quality (cutoff '-q 20') and adapter trimming in a single pass for the adapter sequence: 'CTGTCTCTTATA' from file /home/stanford/tmp/Test-01/YA00193514-LMO_S41_L001_R2_001.fastq.gz <<< 
This is cutadapt 2.6 with Python 3.6.9
Command line parameters: -j 4 -e 0.1 -q 20 -O 1 --trim-n -a CTGTCTCTTATA /home/stanford/tmp/Test-01/YA00193514-LMO_S41_L001_R2_001.fastq.gz
Processing reads on 4 cores in single-end mode ...
Finished in 15.46 s (20 us/read; 2.99 M reads/minute).

=== Summary ===

Total reads processed:                 770,593
Reads with adapters:                   177,723 (23.1%)
Reads written (passing filters):       770,593 (100.0%)

Total basepairs processed:   207,516,072 bp
Quality-trimmed:               4,578,469 bp (2.2%)
Total written (filtered):    202,613,109 bp (97.6%)

=== Adapter 1 ===

Sequence: CTGTCTCTTATA; Type: regular 3'; Length: 12; Trimmed: 177723 times.

No. of allowed errors:
0-9 bp: 0; 10-12 bp: 1

Bases preceding removed adapters:
  A: 32.2%
  C: 17.7%
  G: 22.1%
  T: 27.9%
  none/other: 0.0%

Overview of removed sequences
length	count	expect	max.err	error counts
1	144939	192648.2	0	144939
2	22976	48162.1	0	22976
3	6831	12040.5	0	6831
4	1207	3010.1	0	1207
5	334	752.5	0	334
6	75	188.1	0	75
7	22	47.0	0	22
8	15	11.8	0	15
9	31	2.9	0	11 20
10	31	0.7	1	7 24
11	31	0.2	1	12 19
12	27	0.0	1	10 17
13	28	0.0	1	13 15
14	18	0.0	1	5 13
15	17	0.0	1	5 12
16	8	0.0	1	2 6
17	20	0.0	1	5 15
18	12	0.0	1	3 9
19	1	0.0	1	0 1
20	5	0.0	1	0 5
21	12	0.0	1	6 6
22	8	0.0	1	4 4
23	29	0.0	1	5 24
24	7	0.0	1	2 5
25	8	0.0	1	1 7
26	15	0.0	1	2 13
27	20	0.0	1	7 13
28	11	0.0	1	3 8
29	23	0.0	1	8 15
30	14	0.0	1	3 11
31	18	0.0	1	3 15
32	14	0.0	1	3 11
33	13	0.0	1	3 10
34	19	0.0	1	4 15
35	16	0.0	1	3 13
36	19	0.0	1	5 14
37	27	0.0	1	7 20
38	23	0.0	1	7 16
39	13	0.0	1	7 6
40	15	0.0	1	5 10
41	19	0.0	1	5 14
42	17	0.0	1	4 13
43	9	0.0	1	1 8
44	17	0.0	1	3 14
45	6	0.0	1	1 5
46	13	0.0	1	5 8
47	12	0.0	1	6 6
48	10	0.0	1	2 8
49	9	0.0	1	3 6
50	10	0.0	1	5 5
51	4	0.0	1	1 3
52	7	0.0	1	4 3
53	12	0.0	1	4 8
54	8	0.0	1	3 5
55	8	0.0	1	1 7
56	2	0.0	1	2
57	7	0.0	1	2 5
58	5	0.0	1	1 4
59	6	0.0	1	0 6
60	9	0.0	1	5 4
61	5	0.0	1	1 4
62	7	0.0	1	0 7
63	5	0.0	1	2 3
64	4	0.0	1	1 3
65	2	0.0	1	0 2
66	8	0.0	1	5 3
67	6	0.0	1	2 4
68	2	0.0	1	1 1
69	2	0.0	1	0 2
70	3	0.0	1	1 2
71	5	0.0	1	1 4
72	4	0.0	1	1 3
73	4	0.0	1	1 3
74	3	0.0	1	1 2
76	11	0.0	1	3 8
77	6	0.0	1	2 4
78	3	0.0	1	1 2
79	9	0.0	1	2 7
80	13	0.0	1	9 4
81	20	0.0	1	13 7
82	23	0.0	1	13 10
83	28	0.0	1	8 20
84	18	0.0	1	9 9
85	11	0.0	1	3 8
86	5	0.0	1	1 4
87	6	0.0	1	1 5
88	6	0.0	1	2 4
89	3	0.0	1	0 3
90	2	0.0	1	0 2
91	9	0.0	1	0 9
92	4	0.0	1	0 4
94	1	0.0	1	0 1
95	3	0.0	1	0 3
96	1	0.0	1	0 1
98	2	0.0	1	0 2
99	3	0.0	1	0 3
100	3	0.0	1	0 3
104	2	0.0	1	0 2
105	1	0.0	1	0 1
106	2	0.0	1	0 2
107	4	0.0	1	0 4
108	5	0.0	1	0 5
109	2	0.0	1	0 2
110	3	0.0	1	0 3
111	3	0.0	1	0 3
112	3	0.0	1	0 3
113	2	0.0	1	0 2
114	1	0.0	1	0 1
116	4	0.0	1	0 4
117	2	0.0	1	0 2
118	5	0.0	1	0 5
119	1	0.0	1	0 1
120	3	0.0	1	0 3
122	2	0.0	1	0 2
123	1	0.0	1	0 1
124	5	0.0	1	0 5
125	1	0.0	1	0 1
126	6	0.0	1	0 6
127	2	0.0	1	0 2
130	4	0.0	1	0 4
131	3	0.0	1	0 3
132	2	0.0	1	1 1
133	1	0.0	1	0 1
134	2	0.0	1	0 2
135	1	0.0	1	0 1
136	5	0.0	1	0 5
137	4	0.0	1	0 4
138	2	0.0	1	0 2
139	4	0.0	1	1 3
141	4	0.0	1	0 4
142	3	0.0	1	0 3
143	1	0.0	1	0 1
144	1	0.0	1	0 1
145	4	0.0	1	0 4
146	3	0.0	1	0 3
147	3	0.0	1	0 3
148	2	0.0	1	1 1
149	2	0.0	1	0 2
150	1	0.0	1	0 1
153	1	0.0	1	0 1
154	2	0.0	1	0 2
155	3	0.0	1	0 3
156	3	0.0	1	0 3
157	3	0.0	1	0 3
158	2	0.0	1	0 2
160	2	0.0	1	0 2
161	2	0.0	1	0 2
162	5	0.0	1	0 5
163	4	0.0	1	0 4
166	1	0.0	1	0 1
167	1	0.0	1	0 1
170	1	0.0	1	0 1
172	5	0.0	1	0 5
173	5	0.0	1	0 5
174	3	0.0	1	0 3
175	2	0.0	1	0 2
176	2	0.0	1	0 2
177	4	0.0	1	0 4
178	1	0.0	1	0 1
179	5	0.0	1	0 5
180	2	0.0	1	0 2
181	4	0.0	1	0 4
183	1	0.0	1	0 1
184	2	0.0	1	0 2
185	4	0.0	1	0 4
186	4	0.0	1	0 4
188	1	0.0	1	0 1
189	1	0.0	1	0 1
191	4	0.0	1	0 4
192	4	0.0	1	0 4
193	4	0.0	1	1 3
194	3	0.0	1	0 3
195	2	0.0	1	0 2
196	3	0.0	1	0 3
199	1	0.0	1	0 1
200	1	0.0	1	0 1
201	3	0.0	1	0 3
203	1	0.0	1	0 1
205	1	0.0	1	0 1
206	3	0.0	1	0 3
207	2	0.0	1	0 2
208	2	0.0	1	0 2
209	3	0.0	1	0 3
210	3	0.0	1	0 3
211	3	0.0	1	0 3
215	3	0.0	1	0 3
216	1	0.0	1	0 1
217	3	0.0	1	1 2
218	2	0.0	1	0 2
219	3	0.0	1	0 3
220	2	0.0	1	1 1
223	1	0.0	1	0 1
225	3	0.0	1	0 3
226	4	0.0	1	1 3
227	2	0.0	1	0 2
228	1	0.0	1	0 1
230	1	0.0	1	0 1
233	1	0.0	1	0 1
234	1	0.0	1	0 1
235	4	0.0	1	0 4
236	2	0.0	1	0 2
237	1	0.0	1	0 1
238	1	0.0	1	0 1
239	3	0.0	1	0 3
240	2	0.0	1	0 2
241	2	0.0	1	0 2
243	2	0.0	1	0 2
244	1	0.0	1	0 1
245	1	0.0	1	0 1
246	1	0.0	1	0 1
248	1	0.0	1	0 1
249	1	0.0	1	0 1
250	1	0.0	1	0 1
251	1	0.0	1	0 1
252	4	0.0	1	0 4
255	2	0.0	1	0 2
256	3	0.0	1	0 3
258	4	0.0	1	0 4
259	2	0.0	1	0 2
263	1	0.0	1	0 1
264	1	0.0	1	0 1
265	1	0.0	1	0 1
267	1	0.0	1	0 1
268	2	0.0	1	0 2
269	1	0.0	1	0 1
272	2	0.0	1	0 2
273	1	0.0	1	0 1
275	1	0.0	1	0 1
276	1	0.0	1	0 1
278	2	0.0	1	0 2
281	3	0.0	1	0 3
283	2	0.0	1	0 2
285	3	0.0	1	0 3
286	2	0.0	1	0 2
290	1	0.0	1	0 1
291	1	0.0	1	0 1
293	3	0.0	1	0 3
295	1	0.0	1	0 1
296	1	0.0	1	0 1
297	1	0.0	1	0 1
298	1	0.0	1	0 1

RUN STATISTICS FOR INPUT FILE: /home/stanford/tmp/Test-01/YA00193514-LMO_S41_L001_R2_001.fastq.gz
=============================================
770593 sequences processed in total
The length threshold of paired-end sequences gets evaluated later on (in the validation step)

Validate paired-end files YA00193514-LMO_S41_L001_R1_001_trimmed.fq.gz and YA00193514-LMO_S41_L001_R2_001_trimmed.fq.gz
file_1: YA00193514-LMO_S41_L001_R1_001_trimmed.fq.gz, file_2: YA00193514-LMO_S41_L001_R2_001_trimmed.fq.gz


>>>>> Now validing the length of the 2 paired-end infiles: YA00193514-LMO_S41_L001_R1_001_trimmed.fq.gz and YA00193514-LMO_S41_L001_R2_001_trimmed.fq.gz <<<<<
Writing validated paired-end read 1 reads to YA00193514-LMO_S41_L001_R1_001_val_1.fq.gz
Writing validated paired-end read 2 reads to YA00193514-LMO_S41_L001_R2_001_val_2.fq.gz

Writing unpaired read 1 reads to YA00193514-LMO_S41_L001_R1_001_unpaired_1.fq.gz
Writing unpaired read 2 reads to YA00193514-LMO_S41_L001_R2_001_unpaired_2.fq.gz

Total number of sequences analysed: 770593

Number of sequence pairs removed because at least one read was shorter than the length cutoff (50 bp): 13135 (1.70%)

Deleting both intermediate output files YA00193514-LMO_S41_L001_R1_001_trimmed.fq.gz and YA00193514-LMO_S41_L001_R2_001_trimmed.fq.gz

====================================================================================================

/home/stanford/tmp/Test-01/spades_11_Feb_2020
/home/stanford/tmp/Test-01/trimGalore_11_Feb_2020/clean_reads/YA00193514-LMO_S_val_1.fq.gz
/home/stanford/tmp/Test-01/trimGalore_11_Feb_2020/clean_reads/YA00193514-LMO_S_val_2.fq.gz
Running bactInspector check_species

Running Kraken2 classification Tue Feb 11 16:23:01 SAST 2020
Tue Feb 11 16:23:01 SAST 2020
16
Loading database information... done.
[shovill] Hello stanford
[shovill] You ran: /home/stanford/anaconda3/envs/jekesa/bin/shovill --force --depth 100 --cpus 16 --ram 48 --assembler velvet --outdir /home/stanford/tmp/Test-01/spades_11_Feb_2020/YA00193514-LMO --R1 /home/stanford/tmp/Test-01/trimGalore_11_Feb_2020/clean_reads/YA00193514-LMO_S_val_1.fq.gz --R2 /home/stanford/tmp/Test-01/trimGalore_11_Feb_2020/clean_reads/YA00193514-LMO_S_val_2.fq.gz
[shovill] This is shovill 1.0.9
[shovill] Written by Torsten Seemann
[shovill] Homepage is https://github.com/tseemann/shovill
[shovill] Operating system is linux
[shovill] Perl version is v5.26.2
[shovill] Machine has 48 CPU cores and 503.88 GB RAM
[shovill] Using bwa - /home/stanford/anaconda3/envs/jekesa/bin/bwa | Version: 0.7.17-r1188
[shovill] Using flash - /home/stanford/anaconda3/envs/jekesa/bin/flash | FLASH v1.2.11
[shovill] Using java - /home/stanford/anaconda3/envs/jekesa/bin/java | openjdk version "11.0.1" 2018-10-16 LTS
[shovill] Using lighter - /home/stanford/anaconda3/envs/jekesa/bin/lighter | Lighter v1.1.2
[shovill] Using mash - /home/stanford/anaconda3/envs/jekesa/bin/mash | 2.1
[shovill] Using megahit - /home/stanford/anaconda3/envs/jekesa/bin/megahit | MEGAHIT v1.2.9
[shovill] Using megahit_toolkit - /home/stanford/anaconda3/envs/jekesa/bin/megahit_toolkit | v1.2.9
[shovill] Using pigz - /home/stanford/anaconda3/envs/jekesa/bin/pigz | pigz 2.4
[shovill] Using pilon - /home/stanford/anaconda3/envs/jekesa/bin/pilon | Pilon version 1.23 Mon Nov 26 16:04:05 2018 -0500
[shovill] Using samclip - /home/stanford/anaconda3/envs/jekesa/bin/samclip | samclip 0.2
[shovill] Using samtools - /home/stanford/anaconda3/envs/jekesa/bin/samtools | Version: 1.9 (using htslib 1.9)
[shovill] Using seqtk - /home/stanford/anaconda3/envs/jekesa/bin/seqtk | Version: 1.3-r106
[shovill] Using skesa - /home/stanford/anaconda3/envs/jekesa/bin/skesa | SKESA v.2.3.0
[shovill] Using spades.py - /home/stanford/anaconda3/envs/jekesa/bin/spades.py | SPAdes v3.13.1
[shovill] Using trimmomatic - /home/stanford/anaconda3/envs/jekesa/bin/trimmomatic | 0.39
[shovill] Using velvetg - /home/stanford/anaconda3/envs/jekesa/bin/velvetg | Version 1.2.10
[shovill] Using velveth - /home/stanford/anaconda3/envs/jekesa/bin/velveth | Version 1.2.10
[shovill] Forced overwrite of existing --outdir /home/stanford/tmp/Test-01/spades_11_Feb_2020/YA00193514-LMO
[shovill] Using tempdir: /tmp/WNOsrmOCyx
[shovill] Changing into folder: /home/stanford/tmp/Test-01/spades_11_Feb_2020/YA00193514-LMO
[shovill] Collecting raw read statistics with 'seqtk'
[shovill] Running: seqtk fqchk -q3 \/home\/stanford\/tmp\/Test\-01\/trimGalore_11_Feb_2020\/clean_reads\/YA00193514\-LMO_S_val_1\.fq\.gz >/tmp/Y9yUvUsXl9 2>&1 | sed 's/^/[seqtk] /' | tee -a shovill.log
[shovill] Read stats: min_len = 50
[shovill] Read stats: total_bp = 410734434
[shovill] Read stats: avg_len = 271
[shovill] Read stats: max_len = 301
[shovill] Estimating genome size with 'mash'
[shovill] Running: mash sketch -o /tmp/bH8BT2_WRV/sketch -k 32 -m 3 -r \/home\/stanford\/tmp\/Test\-01\/trimGalore_11_Feb_2020\/clean_reads\/YA00193514\-LMO_S_val_1\.fq\.gz 2>&1 | sed 's/^/[mash] /' | tee -a shovill.log
757458 sequences (407.57 Mbp) processed in 11.153s (4074.7 Kseq/m, 2192.51 Mbp/m).
  746112 sequences classified (98.50%)
  11346 sequences unclassified (1.50%)
94.60,716532,701475,S,1639, Listeria monocytogenes
Results written to /home/stanford/tmp/Test-01/bactInspector/YA00193514-LMO/species_investigation_2020-02-11.tsv
Sketching YA00193514-LMO_S_val_1
Getting best match for YA00193514-LMO_S_val_1
Running bactInspector closest_match
Tue Feb 11 16:23:25 SAST 2020
Results written to /home/stanford/tmp/Test-01/bactInspector/YA00193514-LMO/closest_matches_2020-02-11.tsv
Getting best match for YA00193514-LMO_S_val_1
[mash] Estimated genome size: 2.89722e+06
[mash] Estimated coverage:    58.62
[mash] Writing to /tmp/bH8BT2_WRV/sketch.msh...
[shovill] Using genome size 2897220 bp
[shovill] Estimated sequencing depth: 141 x
[shovill] Subsampling reads by factor 0.709 to get from 141x to 100x
[shovill] Running: seqtk sample \/home\/stanford\/tmp\/Test\-01\/trimGalore_11_Feb_2020\/clean_reads\/YA00193514\-LMO_S_val_1\.fq\.gz 0.709 | pigz --fast -c -p 16 > R1.sub.fq.gz 2>&1 | sed 's/^/[seqtk] /' | tee -a shovill.log
[shovill] Running: seqtk sample \/home\/stanford\/tmp\/Test\-01\/trimGalore_11_Feb_2020\/clean_reads\/YA00193514\-LMO_S_val_2\.fq\.gz 0.709 | pigz --fast -c -p 16 > R2.sub.fq.gz 2>&1 | sed 's/^/[seqtk] /' | tee -a shovill.log
[shovill] Appending -Xmx48g to _JAVA_OPTIONS
[shovill] Running: ln -sf R1\.sub\.fq\.gz R1.fq.gz 2>&1 | sed 's/^/[ln] /' | tee -a shovill.log
[shovill] Running: ln -sf R2\.sub\.fq\.gz R2.fq.gz 2>&1 | sed 's/^/[ln] /' | tee -a shovill.log
[shovill] Average read length looks like 271 bp
[shovill] Automatically setting --minlen to 135
[shovill] Setting k-mer range to (31 .. 127)
[shovill] Estimated K-mers: 31 55 79 103 127 [kn=5, ks=24, kmin=31, kmax=127]
[shovill] Using kmers: 31,55,79,103,127
[shovill] Correcting reads with 'Lighter'
[shovill] Running: lighter -od . -r R1.fq.gz -r R2.fq.gz -K 32 2897220 -t 16 -maxcor 1 2>&1 | sed 's/^/[lighter] /' | tee -a shovill.log
[lighter] [2020-02-11 16:23:40] =============Start====================
[lighter] [2020-02-11 16:23:40] Scanning the input files to infer alpha(sampling rate)
[lighter] [2020-02-11 16:23:45] Average coverage is 99.778 and alpha is 0.070
[lighter] [2020-02-11 16:23:51] Bad quality threshold is "6"
[lighter] [2020-02-11 16:23:58] Finish sampling kmers
[lighter] [2020-02-11 16:23:58] Bloom filter A's false positive rate: 0.015604
[lighter] [2020-02-11 16:24:07] Finish storing trusted kmers
[lighter] [2020-02-11 16:24:29] Finish error correction
[lighter] Processed 1074212 reads:
[lighter] 	746674 are error-free
[lighter] 	Corrected 863500 bases(2.636335 corrections for reads with errors)
[lighter] 	Trimmed 0 reads with average trimmed bases 0.000000
[lighter] 	Discard 0 reads
[shovill] Overlapping/stitching PE reads with 'FLASH'
[shovill] Running: flash -m 20 -M 301 -d . -o flash -z -t 16 R1.cor.fq.gz R2.cor.fq.gz 2>&1 | sed 's/^//' | tee -a shovill.log
[FLASH] Starting FLASH v1.2.11
[FLASH] Fast Length Adjustment of SHort reads
[FLASH]  
[FLASH] Input files:
[FLASH]     R1.cor.fq.gz
[FLASH]     R2.cor.fq.gz
[FLASH]  
[FLASH] Output files:
[FLASH]     ./flash.extendedFrags.fastq.gz
[FLASH]     ./flash.notCombined_1.fastq.gz
[FLASH]     ./flash.notCombined_2.fastq.gz
[FLASH]     ./flash.hist
[FLASH]     ./flash.histogram
[FLASH]  
[FLASH] Parameters:
[FLASH]     Min overlap:           20
[FLASH]     Max overlap:           301
[FLASH]     Max mismatch density:  0.250000
[FLASH]     Allow "outie" pairs:   false
[FLASH]     Cap mismatch quals:    false
[FLASH]     Combiner threads:      16
[FLASH]     Input format:          FASTQ, phred_offset=33
[FLASH]     Output format:         FASTQ, phred_offset=33, gzip
[FLASH]  
[FLASH] Starting reader and writer threads
[FLASH] Starting 16 combiner threads
[FLASH] Processed 25000 read pairs
[FLASH] Processed 50000 read pairs
[FLASH] Processed 75000 read pairs
[FLASH] Processed 100000 read pairs
[FLASH] Processed 125000 read pairs
[FLASH] Processed 150000 read pairs
[FLASH] Processed 175000 read pairs
[FLASH] Processed 200000 read pairs
[FLASH] Processed 225000 read pairs
[FLASH] Processed 250000 read pairs
[FLASH] Processed 275000 read pairs
[FLASH] Processed 300000 read pairs
[FLASH] Processed 325000 read pairs
[FLASH] Processed 350000 read pairs
[FLASH] Processed 375000 read pairs
[FLASH] Processed 400000 read pairs
[FLASH] Processed 425000 read pairs
[FLASH] Processed 450000 read pairs
[FLASH] Processed 475000 read pairs
[FLASH] Processed 500000 read pairs
[FLASH] Processed 525000 read pairs
[FLASH] Processed 537106 read pairs
[FLASH]  
[FLASH] Read combination statistics:
[FLASH]     Total pairs:      537106
[FLASH]     Combined pairs:   389568
[FLASH]     Uncombined pairs: 147538
[FLASH]     Percent combined: 72.53%
[FLASH]  
[FLASH] Writing histogram files.
[FLASH]  
[FLASH] FLASH v1.2.11 complete!
[FLASH] 39.068 seconds elapsed
[shovill] Assembling reads with 'velvet'
[shovill] Using K=79 for velveth
[shovill] Running: OMP_NUM_THREADS=16 velveth velvet 79 -create_binary -shortPaired -fmtAuto -separate flash.notCombined_1.fastq.gz flash.notCombined_2.fastq.gz  -short2 -fmtAuto flash.extendedFrags.fastq.gz 2>&1 | sed 's/^/[velveth] /' | tee -a shovill.log
Borrelia_burgdorferi_16S detected 1 threads available to it
Borrelia_burgdorferi_16S reported completion
Brachyspira_hyodysenteriae_23S detected 1 threads available to it
Brachyspira_hyodysenteriae_23S reported completion
Campylobacter_jejuni_23S detected 1 threads available to it
Campylobacter_jejuni_23S reported completion
Chlamydia_trachomatis_23S detected 1 threads available to it
Chlamydia_trachomatis_23S reported completion
Chlamydophila_psittaci_16S detected 1 threads available to it
Chlamydophila_psittaci_16S reported completion
Enterococcus_faecium_EF_Tu detected 1 threads available to it
Enterococcus_faecium_EF_Tu reported completion
Escherichia_coli_23S detected 1 threads available to it
Escherichia_coli_23S reported completion
FosX detected 1 threads available to it
FosX reported completion
Helicobacter_pylori_16S detected 1 threads available to it
Helicobacter_pylori_16S reported completion
Helicobacter_pylori_23S detected 1 threads available to it
Helicobacter_pylori_23S reported completion
Moraxella_catarrhalis_23S detected 1 threads available to it
Moraxella_catarrhalis_23S reported completion
Mycobacterium_- detected 1 threads available to it
Mycobacterium_- reported completion
Mycobacterium_-_1 detected 1 threads available to it
Mycobacterium_-_1 reported completion
Mycobacterium_abscessus_16S+ detected 1 threads available to it
Mycobacterium_abscessus_16S+ reported completion
Mycoplasma_fermentans_23S detected 1 threads available to it
Mycoplasma_fermentans_23S reported completion
Mycoplasma_gallisepticum_23S detected 1 threads available to it
Mycoplasma_gallisepticum_23S reported completion
Mycoplasma_hominis_23S detected 1 threads available to it
Mycoplasma_hominis_23S reported completion
Neisseria_- detected 1 threads available to it
Neisseria_- reported completion
Pasteurella_multocida_16S detected 1 threads available to it
Pasteurella_multocida_16S reported completion
Propionibacteria_23S_rRNA detected 1 threads available to it
Propionibacteria_23S_rRNA reported completion
Propionibacterium_acnes_16S detected 1 threads available to it
Propionibacterium_acnes_16S reported completion
Staphylococcus_aureus_23S detected 1 threads available to it
Staphylococcus_aureus_23S reported completion
Streptococcus_pneumoniae_23S detected 1 threads available to it
Streptococcus_pneumoniae_23S reported completion
Streptomyces_ambofaciens_23S detected 1 threads available to it
Streptomyces_ambofaciens_23S reported completion
mprF_2 detected 1 threads available to it
mprF_2 reported completion
norB detected 1 threads available to it
norB reported completion
rpoB_1 detected 1 threads available to it
rpoB_1 reported completion
rpoC detected 1 threads available to it
rpoC reported completion
rrnS detected 1 threads available to it
rrnS reported completion
rrsB+ detected 1 threads available to it
rrsB+ reported completion
[velveth] [0.000001] Reading file 'flash.notCombined_1.fastq.gz' using 'pigz' as FastQ
[velveth] [0.002480] Reading file 'flash.notCombined_2.fastq.gz' using 'pigz' as FastQ
[velveth] [2.919212] 295076 sequences found in total in the paired sequence files
[velveth] [2.919216] Done
[velveth] [2.922505] Reading file 'flash.extendedFrags.fastq.gz' using 'pigz' as FastQ
[velveth] [7.676346] 389568 sequences found
[velveth] [7.676351] Done
[velveth] [7.724403] Reading CNY read set file velvet/CnyUnifiedSeq
[velveth] [7.724465] 684644 sequences found
[velveth] [7.976853] Done
[velveth] [7.976867] 684644 sequences in total.
[velveth] [7.977107] Writing into roadmap file velvet/Roadmaps...
[velveth] [7.977235] Inputting sequences...
[velveth] [7.998724] Inputting sequence 0 / 684644
[velveth] [15.019898]  === Sequences loaded in 7.042781 s
[velveth] [15.022898] Done inputting sequences
[velveth] [15.022909] Destroying splay table
[velveth] [15.141166] Splay table destroyed
[shovill] Running: OMP_NUM_THREADS=16 velvetg velvet -exp_cov auto -cov_cutoff auto -scaffolding yes 2>&1 | sed 's/^/[velvetg] /' | tee -a shovill.log
[velvetg] [0.000001] Reading roadmap file velvet/Roadmaps
[velvetg] [1.910271] 684644 roadmaps read
[velvetg] [1.911146] Reading CNY read set file velvet/CnyUnifiedSeq
[velvetg] [1.911232] 684644 sequences found
[velvetg] [2.179244] Done
[velvetg] [2.181006] Creating insertion markers
[velvetg] [2.385251] Ordering insertion markers
[velvetg] [2.527614] Counting preNodes
[velvetg] [2.710892] 838476 preNodes counted, creating them now
[velvetg] [9.333546] Adjusting marker info...
[velvetg] [9.480978] Connecting preNodes
[velvetg] [10.505583] Cleaning up memory
[velvetg] [10.513889] Done creating preGraph
[velvetg] [10.513896] Concatenation...
[velvetg] [10.966258] Renumbering preNodes
[velvetg] [10.966273] Initial preNode count 838476
[velvetg] [10.982423] Destroyed 809229 preNodes
[velvetg] [10.982436] Concatenation over!
[velvetg] [10.982440] Clipping short tips off preGraph
[velvetg] [10.988232] Concatenation...
[velvetg] [11.047095] Renumbering preNodes
[velvetg] [11.047106] Initial preNode count 29247
[velvetg] [11.050007] Destroyed 9070 preNodes
[velvetg] [11.050012] Concatenation over!
[velvetg] [11.050015] 4558 tips cut off
[velvetg] [11.050016] 20177 nodes left
[velvetg] [11.050226] Writing into pregraph file velvet/PreGraph...
[velvetg] [11.421211] Reading pre-graph file velvet/PreGraph
[velvetg] [11.421296] Graph has 20177 nodes and 684644 sequences
[velvetg] [11.620422] Scanning pre-graph file velvet/PreGraph for k-mers
[velvetg] [11.790510] 3737262 kmers found
[velvetg] [12.318615] Sorting kmer occurence table ... 
[velvetg] [15.477044] Sorting done.
[velvetg] [15.477061] Computing acceleration table... 
[velvetg] [15.606450] Computing offsets... 
[velvetg] [15.672195] Ghost Threading through reads 0 / 684644
[velvetg] [24.599911]  === Ghost-Threaded in 8.943483 s
[velvetg] [24.600102] Threading through reads 0 / 684644
[velvetg] [33.862797]  === Threaded in 9.262866 s
[velvetg] [34.109597] Correcting graph with cutoff 0.200000
[velvetg] [34.112650] Determining eligible starting points
[velvetg] [34.139209] Done listing starting nodes
[velvetg] [34.139213] Initializing todo lists
[velvetg] [34.142498] Done with initilization
[velvetg] [34.142502] Activating arc lookup table
[velvetg] [34.146989] Done activating arc lookup table
[velvetg] [34.335521] 10000 / 20177 nodes visited
[velvetg] [34.619510] 20000 / 20177 nodes visited
[velvetg] [34.689797] Concatenation...
[velvetg] [34.691077] Renumbering nodes
[velvetg] [34.691080] Initial node count 20177
[velvetg] [34.691530] Removed 8180 null nodes
[velvetg] [34.691533] Concatenation over!
[velvetg] [34.691534] Clipping short tips off graph, drastic
[velvetg] [34.692265] Concatenation...
[velvetg] [34.693072] Renumbering nodes
[velvetg] [34.693074] Initial node count 11997
[velvetg] [34.693333] Removed 21 null nodes
[velvetg] [34.693335] Concatenation over!
[velvetg] [34.693336] 11976 nodes left
[velvetg] [34.693542] Writing into graph file velvet/Graph2...
[velvetg] [35.589357] Measuring median coverage depth...
[velvetg] [35.595073] Median coverage depth = 55.125000
[velvetg] [35.595180] Removing contigs with coverage < 27.562500...
[velvetg] [35.600805] Concatenation...
[velvetg] [37.320473] Renumbering nodes
[velvetg] [37.320491] Initial node count 11976
[velvetg] [37.320555] Removed 11852 null nodes
[velvetg] [37.320557] Concatenation over!
[velvetg] [37.320564] Concatenation...
[velvetg] [37.320574] Renumbering nodes
[velvetg] [37.320576] Initial node count 124
[velvetg] [37.320578] Removed 0 null nodes
[velvetg] [37.320580] Concatenation over!
[velvetg] [37.320586] Clipping short tips off graph, drastic
[velvetg] [37.320595] Concatenation...
[velvetg] [37.321834] Renumbering nodes
[velvetg] [37.321836] Initial node count 124
[velvetg] [37.321839] Removed 3 null nodes
[velvetg] [37.321841] Concatenation over!
[velvetg] [37.321843] 121 nodes left
[velvetg] [37.321849] Read coherency...
[velvetg] [37.321852] Identifying unique nodes
[velvetg] [37.321858] Done, 70 unique nodes counted
[velvetg] [37.321860] Trimming read tips
[velvetg] [37.321872] Renumbering nodes
[velvetg] [37.321874] Initial node count 121
[velvetg] [37.321876] Removed 0 null nodes
[velvetg] [37.321878] Confronted to 0 multiple hits and 0 null over 0
[velvetg] [37.321880] Read coherency over!
[velvetg] [37.336069] Starting pebble resolution...
[velvetg] [37.355336] Computing read to node mapping array sizes
[velvetg] [37.383797] Computing read to node mappings
[velvetg] [37.444879] Estimating library insert lengths...
[velvetg] [37.489742] Paired-end library 1 has length: 676, sample standard deviation: 123
[velvetg] [37.489764] Done
[velvetg] [37.489785] Computing direct node to node mappings
[velvetg] [37.522586] Scaffolding node 0
[velvetg] [37.532348]  === Nodes Scaffolded in 0.042557 s
[velvetg] [37.543362] Preparing to correct graph with cutoff 0.200000
[velvetg] [37.654985] Cleaning memory
[velvetg] [37.655095] Deactivating local correction settings
[velvetg] [37.655122] Pebble done.
[velvetg] [37.655125] Starting pebble resolution...
[velvetg] [37.659742] Computing read to node mapping array sizes
[velvetg] [37.670189] Computing read to node mappings
[velvetg] [37.692604] Estimating library insert lengths...
[velvetg] [37.723345] Paired-end library 1 has length: 676, sample standard deviation: 123
[velvetg] [37.723359] Done
[velvetg] [37.723366] Computing direct node to node mappings
[velvetg] [37.727062] Scaffolding node 0
[velvetg] [37.738342]  === Nodes Scaffolded in 0.014972 s
[velvetg] [37.743123] Preparing to correct graph with cutoff 0.200000
[velvetg] [37.771204] Cleaning memory
[velvetg] [37.771216] Deactivating local correction settings
[velvetg] [37.771244] Pebble done.
[velvetg] [37.771249] Concatenation...
[velvetg] [37.771382] Renumbering nodes
[velvetg] [37.771384] Initial node count 121
[velvetg] [37.771397] Removed 64 null nodes
[velvetg] [37.771400] Concatenation over!
[velvetg] [37.771402] Removing reference contigs with coverage < 27.562500...
[velvetg] [37.771414] Concatenation...
[velvetg] [37.771418] Renumbering nodes
[velvetg] [37.771419] Initial node count 57
[velvetg] [37.771421] Removed 0 null nodes
[velvetg] [37.771424] Concatenation over!
[velvetg] [37.775682] Writing contigs into velvet/contigs.fa...
[velvetg] [38.304135] Writing into stats file velvet/stats.txt...
[velvetg] [38.307030] Writing into graph file velvet/LastGraph...
[velvetg] [38.986900] Estimated Coverage = 55.125000
[velvetg] [38.986914] Estimated Coverage cutoff = 27.562500
[velvetg] Final graph has 57 nodes and n50 of 514894, max 1305916, total 2974080, using 661584/684644 reads
[shovill] Checking for assembly errors in velvet.fasta
[shovill] Running: bwa index velvet.fasta 2>&1 | sed 's/^/[bwa-index] /' | tee -a shovill.log
[bwa-index] [bwa_index] Pack FASTA... 0.06 sec
[bwa-index] [bwa_index] Construct BWT for the packed sequence...
[bwa-index] [bwa_index] 1.11 seconds elapse.
[bwa-index] [bwa_index] Update BWT... 0.03 sec
[bwa-index] [bwa_index] Pack forward-only FASTA... 0.02 sec
[bwa-index] [bwa_index] Construct SA from BWT and Occ... 0.45 sec
[bwa-index] [main] Version: 0.7.17-r1188
[bwa-index] [main] CMD: bwa index velvet.fasta
[bwa-index] [main] Real time: 1.686 sec; CPU: 1.668 sec
[shovill] Running: samtools faidx velvet.fasta 2>&1 | sed 's/^/[faidx] /' | tee -a shovill.log
[shovill] Running: (bwa mem -v 3 -x intractg -t 16 velvet.fasta R1.fq.gz R2.fq.gz | samclip --ref velvet.fasta.fai | samtools sort --threads 4 -m 6144m --reference velvet.fasta -T /tmp/WNOsrmOCyx -o shovill.bam) 2>&1 | sed 's/^/[bwa+samtools-sort] /' | tee -a shovill.log
[bwa+samtools-sort] [M::bwa_idx_load_from_disk] read 0 ALT contigs
[bwa+samtools-sort] [samclip] samclip 0.2 by Torsten Seemann (@torstenseemann)
[bwa+samtools-sort] [samclip] Loading: velvet.fasta.fai
[bwa+samtools-sort] [samclip] Found 32 sequences in velvet.fasta.fai
[bwa+samtools-sort] [M::process] read 595042 sequences (160000512 bp)...
[bwa+samtools-sort] [M::process] read 479170 sequences (129077572 bp)...
[bwa+samtools-sort] [M::mem_pestat] # candidate unique pairs for (FF, FR, RF, RR): (44, 294583, 169, 51)
[bwa+samtools-sort] [M::mem_pestat] analyzing insert size distribution for orientation FF...
[bwa+samtools-sort] [M::mem_pestat] (25, 50, 75) percentile: (596, 1014, 2008)
[bwa+samtools-sort] [M::mem_pestat] low and high boundaries for computing mean and std.dev: (1, 4832)
[bwa+samtools-sort] [M::mem_pestat] mean and std.dev: (1232.20, 900.14)
[bwa+samtools-sort] [M::mem_pestat] low and high boundaries for proper pairs: (1, 6244)
[bwa+samtools-sort] [M::mem_pestat] analyzing insert size distribution for orientation FR...
[bwa+samtools-sort] [M::mem_pestat] (25, 50, 75) percentile: (310, 458, 583)
[bwa+samtools-sort] [M::mem_pestat] low and high boundaries for computing mean and std.dev: (1, 1129)
[bwa+samtools-sort] [M::mem_pestat] mean and std.dev: (450.82, 204.82)
[bwa+samtools-sort] [M::mem_pestat] low and high boundaries for proper pairs: (1, 1402)
[bwa+samtools-sort] [M::mem_pestat] analyzing insert size distribution for orientation RF...
[bwa+samtools-sort] [M::mem_pestat] (25, 50, 75) percentile: (3488, 3621, 3729)
[bwa+samtools-sort] [M::mem_pestat] low and high boundaries for computing mean and std.dev: (3006, 4211)
[bwa+samtools-sort] [M::mem_pestat] mean and std.dev: (3615.87, 161.05)
[bwa+samtools-sort] [M::mem_pestat] low and high boundaries for proper pairs: (2765, 4452)
[bwa+samtools-sort] [M::mem_pestat] analyzing insert size distribution for orientation RR...
[bwa+samtools-sort] [M::mem_pestat] (25, 50, 75) percentile: (413, 689, 1409)
[bwa+samtools-sort] [M::mem_pestat] low and high boundaries for computing mean and std.dev: (1, 3401)
[bwa+samtools-sort] [M::mem_pestat] mean and std.dev: (896.35, 720.14)
[bwa+samtools-sort] [M::mem_pestat] low and high boundaries for proper pairs: (1, 4397)
[bwa+samtools-sort] [M::mem_pestat] skip orientation FF
[bwa+samtools-sort] [M::mem_pestat] skip orientation RF
[bwa+samtools-sort] [M::mem_pestat] skip orientation RR
[bwa+samtools-sort] [M::mem_process_seqs] Processed 595042 reads in 110.808 CPU sec, 9.365 real sec
[bwa+samtools-sort] [samclip] Processed 100000 records...
[bwa+samtools-sort] [samclip] Processed 200000 records...
[bwa+samtools-sort] [samclip] Processed 300000 records...
[bwa+samtools-sort] [samclip] Processed 400000 records...
[bwa+samtools-sort] [samclip] Processed 500000 records...
[bwa+samtools-sort] [M::mem_pestat] # candidate unique pairs for (FF, FR, RF, RR): (36, 236984, 157, 44)
[bwa+samtools-sort] [M::mem_pestat] analyzing insert size distribution for orientation FF...
[bwa+samtools-sort] [M::mem_pestat] (25, 50, 75) percentile: (473, 672, 1519)
[bwa+samtools-sort] [M::mem_pestat] low and high boundaries for computing mean and std.dev: (1, 3611)
[bwa+samtools-sort] [M::mem_pestat] mean and std.dev: (1045.34, 875.73)
[bwa+samtools-sort] [M::mem_pestat] low and high boundaries for proper pairs: (1, 4657)
[bwa+samtools-sort] [M::mem_pestat] analyzing insert size distribution for orientation FR...
[bwa+samtools-sort] [M::mem_pestat] (25, 50, 75) percentile: (312, 460, 587)
[bwa+samtools-sort] [M::mem_pestat] low and high boundaries for computing mean and std.dev: (1, 1137)
[bwa+samtools-sort] [M::mem_pestat] mean and std.dev: (453.61, 206.67)
[bwa+samtools-sort] [M::mem_pestat] low and high boundaries for proper pairs: (1, 1412)
[bwa+samtools-sort] [M::mem_pestat] analyzing insert size distribution for orientation RF...
[bwa+samtools-sort] [M::mem_pestat] (25, 50, 75) percentile: (3550, 3679, 3764)
[bwa+samtools-sort] [M::mem_pestat] low and high boundaries for computing mean and std.dev: (3122, 4192)
[bwa+samtools-sort] [M::mem_pestat] mean and std.dev: (3665.36, 148.01)
[bwa+samtools-sort] [M::mem_pestat] low and high boundaries for proper pairs: (2908, 4406)
[bwa+samtools-sort] [M::mem_pestat] analyzing insert size distribution for orientation RR...
[bwa+samtools-sort] [M::mem_pestat] (25, 50, 75) percentile: (322, 620, 1840)
[bwa+samtools-sort] [M::mem_pestat] low and high boundaries for computing mean and std.dev: (1, 4876)
[bwa+samtools-sort] [M::mem_pestat] mean and std.dev: (966.73, 965.32)
[bwa+samtools-sort] [M::mem_pestat] low and high boundaries for proper pairs: (1, 6394)
[bwa+samtools-sort] [M::mem_pestat] skip orientation FF
[bwa+samtools-sort] [M::mem_pestat] skip orientation RF
[bwa+samtools-sort] [M::mem_pestat] skip orientation RR
[bwa+samtools-sort] [M::mem_process_seqs] Processed 479170 reads in 95.700 CPU sec, 6.960 real sec
[bwa+samtools-sort] [samclip] Processed 600000 records...
[bwa+samtools-sort] [samclip] Processed 700000 records...
[bwa+samtools-sort] [samclip] Processed 800000 records...
[bwa+samtools-sort] [samclip] Processed 900000 records...
[bwa+samtools-sort] [samclip] Processed 1000000 records...
[bwa+samtools-sort] [main] Version: 0.7.17-r1188
[bwa+samtools-sort] [main] CMD: bwa mem -v 3 -x intractg -t 16 velvet.fasta R1.fq.gz R2.fq.gz
[bwa+samtools-sort] [main] Real time: 26.052 sec; CPU: 212.500 sec
[bwa+samtools-sort] [samclip] Total SAM records 1079169, removed 43242, allowed 23015, passed 1035927
[bwa+samtools-sort] [samclip] Header contained 33 lines
[bwa+samtools-sort] [samclip] Done.
[bwa+samtools-sort] [bam_sort_core] merging from 0 files and 4 in-memory blocks...
[shovill] Running: samtools index shovill.bam 2>&1 | sed 's/^/[samtools-index] /' | tee -a shovill.log
[shovill] Correcting errors in velvet.fasta
[shovill] Running: pilon --genome velvet.fasta --frags shovill.bam --minmq 60 --minqual 3 --fix bases --output pilon --threads 16 --changes --mindepth 0.25 2>&1 | sed 's/^/[pilon] /' | tee -a shovill.log
[pilon] Picked up _JAVA_OPTIONS:  -Xmx48g
[pilon] Pilon version 1.23 Mon Nov 26 16:04:05 2018 -0500
[pilon] Genome: velvet.fasta
[pilon] Fixing snps, indels
[pilon] Input genome size: 2976110
[pilon] Processing NODE_49_length_397_cov_41.400505:1-475
[pilon] Processing NODE_51_length_214_cov_95.943924:1-292
[pilon] Processing NODE_23_length_105_cov_115.923813:1-183
[pilon] Processing NODE_41_length_165_cov_88.745453:1-243
[pilon] Processing NODE_18_length_656_cov_102.507622:1-734
[pilon] Processing NODE_27_length_565_cov_46.566372:1-643
[pilon] Processing NODE_6_length_514894_cov_56.945026:1-514972
[pilon] Processing NODE_9_length_205_cov_97.117073:1-283
[pilon] Processing NODE_14_length_1698_cov_294.321564:1-1776
[pilon] Processing NODE_2_length_4265_cov_568.680664:1-4343
[pilon] Processing NODE_45_length_203_cov_44.684731:1-281
[pilon] Processing NODE_36_length_85_cov_104.776474:1-163
[pilon] Processing NODE_52_length_120_cov_101.191666:1-198
[pilon] Processing NODE_1_length_222871_cov_56.472435:1-222949
[pilon] Processing NODE_19_length_150_cov_98.513336:1-228
[pilon] Processing NODE_8_length_92_cov_144.358688:1-170
[pilon] NODE_23_length_105_cov_115.923813:1-183 log:
[pilon] NODE_52_length_120_cov_101.191666:1-198 log:
[pilon] frags shovill.bam: coverage 0
[pilon] Total Reads: 0, Coverage: 0, minDepth: 5
[pilon] Confirmed 0 of 198 bases (0,00%)
[pilon] Corrected 0 snps; 0 ambiguous bases; corrected 0 small insertions totaling 0 bases, 0 small deletions totaling 0 bases
[pilon] frags shovill.bam: coverage 0
[pilon] Total Reads: 0, Coverage: 0, minDepth: 5
[pilon] Confirmed 0 of 183 bases (0,00%)
[pilon] Corrected 0 snps; 0 ambiguous bases; corrected 0 small insertions totaling 0 bases, 0 small deletions totaling 0 bases
[pilon] Finished processing NODE_52_length_120_cov_101.191666:1-198
[pilon] Finished processing NODE_23_length_105_cov_115.923813:1-183
[pilon] Processing NODE_26_length_371_cov_101.177895:1-449
[pilon] NODE_19_length_150_cov_98.513336:1-228 log:
[pilon] frags shovill.bam: coverage 0
[pilon] Total Reads: 4, Coverage: 0, minDepth: 5
[pilon] Confirmed 0 of 228 bases (0,00%)
[pilon] Corrected 0 snps; 0 ambiguous bases; corrected 0 small insertions totaling 0 bases, 0 small deletions totaling 0 bases
[pilon] Finished processing NODE_19_length_150_cov_98.513336:1-228
[pilon] NODE_8_length_92_cov_144.358688:1-170 log:
[pilon] frags shovill.bam: coverage 4
[pilon] Total Reads: 108, Coverage: 4, minDepth: 5
[pilon] Confirmed 0 of 170 bases (0,00%)
[pilon] Corrected 0 snps; 0 ambiguous bases; corrected 0 small insertions totaling 0 bases, 0 small deletions totaling 0 bases
[pilon] Finished processing NODE_8_length_92_cov_144.358688:1-170
[pilon] Processing NODE_4_length_16378_cov_55.049824:1-16456
[pilon] Processing NODE_22_length_238238_cov_55.626534:1-238316
[pilon] NODE_41_length_165_cov_88.745453:1-243 log:
[pilon] frags shovill.bam: coverage 0
[pilon] Total Reads: 6, Coverage: 0, minDepth: 5
[pilon] Confirmed 0 of 243 bases (0,00%)
[pilon] Corrected 0 snps; 0 ambiguous bases; corrected 0 small insertions totaling 0 bases, 0 small deletions totaling 0 bases
[pilon] Finished processing NODE_41_length_165_cov_88.745453:1-243
[pilon] NODE_9_length_205_cov_97.117073:1-283 log:
[pilon] frags shovill.bam: coverage 0
[pilon] Total Reads: 9, Coverage: 0, minDepth: 5
[pilon] Confirmed 0 of 283 bases (0,00%)
[pilon] Corrected 0 snps; 0 ambiguous bases; corrected 0 small insertions totaling 0 bases, 0 small deletions totaling 0 bases
[pilon] Finished processing NODE_9_length_205_cov_97.117073:1-283
[pilon] Processing NODE_33_length_1305916_cov_56.114555:1-1305994
[pilon] NODE_51_length_214_cov_95.943924:1-292 log:
[pilon] frags shovill.bam: coverage 0
[pilon] Total Reads: 6, Coverage: 0, minDepth: 5
[pilon] Confirmed 0 of 292 bases (0,00%)
[pilon] Corrected 0 snps; 0 ambiguous bases; corrected 0 small insertions totaling 0 bases, 0 small deletions totaling 0 bases
[pilon] Finished processing NODE_51_length_214_cov_95.943924:1-292
[pilon] Processing NODE_53_length_120_cov_150.958328:1-198
[pilon] NODE_36_length_85_cov_104.776474:1-163 log:
[pilon] frags shovill.bam: coverage 3
[pilon] Total Reads: 68, Coverage: 3, minDepth: 5
[pilon] Confirmed 0 of 163 bases (0,00%)
[pilon] Corrected 0 snps; 0 ambiguous bases; corrected 0 small insertions totaling 0 bases, 0 small deletions totaling 0 bases
[pilon] Finished processing NODE_36_length_85_cov_104.776474:1-163
[pilon] NODE_49_length_397_cov_41.400505:1-475 log:
[pilon] frags shovill.bam: coverage 19
[pilon] Total Reads: 127, Coverage: 19, minDepth: 5
[pilon] Confirmed 448 of 475 bases (94,32%)
[pilon] Corrected 0 snps; 0 ambiguous bases; corrected 0 small insertions totaling 0 bases, 0 small deletions totaling 0 bases
[pilon] Processing NODE_28_length_82_cov_104.548782:1-160
[pilon] Finished processing NODE_49_length_397_cov_41.400505:1-475
[pilon] Processing NODE_37_length_182_cov_118.230766:1-260
[pilon] Processing NODE_11_length_265172_cov_55.355961:1-265250
[pilon] NODE_27_length_565_cov_46.566372:1-643 log:
[pilon] frags shovill.bam: coverage 33
[pilon] Total Reads: 198, Coverage: 33, minDepth: 8
[pilon] Confirmed 590 of 643 bases (91,76%)
[pilon] Corrected 0 snps; 0 ambiguous bases; corrected 0 small insertions totaling 0 bases, 0 small deletions totaling 0 bases
[pilon] Finished processing NODE_27_length_565_cov_46.566372:1-643
[pilon] Processing NODE_21_length_1143_cov_41.134731:1-1221
[pilon] NODE_28_length_82_cov_104.548782:1-160 log:
[pilon] frags shovill.bam: coverage 0
[pilon] Total Reads: 0, Coverage: 0, minDepth: 5
[pilon] Confirmed 0 of 160 bases (0,00%)
[pilon] Corrected 0 snps; 0 ambiguous bases; corrected 0 small insertions totaling 0 bases, 0 small deletions totaling 0 bases
[pilon] Finished processing NODE_28_length_82_cov_104.548782:1-160
[pilon] NODE_45_length_203_cov_44.684731:1-281 log:
[pilon] frags shovill.bam: coverage 4
[pilon] Total Reads: 32, Coverage: 4, minDepth: 5
[pilon] Confirmed 168 of 281 bases (59,79%)
[pilon] Corrected 0 snps; 0 ambiguous bases; corrected 0 small insertions totaling 0 bases, 0 small deletions totaling 0 bases
[pilon] Processing NODE_40_length_297556_cov_57.076424:1-297634
[pilon] Finished processing NODE_45_length_203_cov_44.684731:1-281
[pilon] Processing NODE_13_length_152_cov_231.197372:1-230
[pilon] NODE_37_length_182_cov_118.230766:1-260 log:
[pilon] frags shovill.bam: coverage 0
[pilon] Total Reads: 20, Coverage: 0, minDepth: 5
[pilon] Confirmed 0 of 260 bases (0,00%)
[pilon] Corrected 0 snps; 0 ambiguous bases; corrected 0 small insertions totaling 0 bases, 0 small deletions totaling 0 bases
[pilon] Finished processing NODE_37_length_182_cov_118.230766:1-260
[pilon] NODE_53_length_120_cov_150.958328:1-198 log:
[pilon] frags shovill.bam: coverage 0
[pilon] Total Reads: 8, Coverage: 0, minDepth: 5
[pilon] Confirmed 0 of 198 bases (0,00%)
[pilon] Corrected 0 snps; 0 ambiguous bases; corrected 0 small insertions totaling 0 bases, 0 small deletions totaling 0 bases
[pilon] Finished processing NODE_53_length_120_cov_150.958328:1-198
[pilon] Processing NODE_3_length_97766_cov_54.993752:1-97844
[pilon] NODE_26_length_371_cov_101.177895:1-449 log:
[pilon] frags shovill.bam: coverage 38
[pilon] Total Reads: 174, Coverage: 38, minDepth: 10
[pilon] Confirmed 391 of 449 bases (87,08%)
[pilon] Corrected 0 snps; 0 ambiguous bases; corrected 0 small insertions totaling 0 bases, 0 small deletions totaling 0 bases
[pilon] Finished processing NODE_26_length_371_cov_101.177895:1-449
[pilon] Processing NODE_16_length_92_cov_81.750000:1-170
[pilon] NODE_16_length_92_cov_81.750000:1-170 log:
[pilon] frags shovill.bam: coverage 0
[pilon] Total Reads: 0, Coverage: 0, minDepth: 5
[pilon] Confirmed 0 of 170 bases (0,00%)
[pilon] Corrected 0 snps; 0 ambiguous bases; corrected 0 small insertions totaling 0 bases, 0 small deletions totaling 0 bases
[pilon] Finished processing NODE_16_length_92_cov_81.750000:1-170
[pilon] Processing NODE_25_length_423_cov_69.255318:1-501
[pilon] NODE_18_length_656_cov_102.507622:1-734 log:
[pilon] frags shovill.bam: coverage 89
[pilon] Total Reads: 356, Coverage: 89, minDepth: 22
[pilon] Confirmed 705 of 734 bases (96,05%)
[pilon] Corrected 0 snps; 0 ambiguous bases; corrected 0 small insertions totaling 0 bases, 0 small deletions totaling 0 bases
[pilon] Finished processing NODE_18_length_656_cov_102.507622:1-734
[pilon] Processing NODE_10_length_179_cov_113.949722:1-257
[pilon] NODE_10_length_179_cov_113.949722:1-257 log:
[pilon] frags shovill.bam: coverage 0
[pilon] Total Reads: 0, Coverage: 0, minDepth: 5
[pilon] Confirmed 0 of 257 bases (0,00%)
[pilon] Corrected 0 snps; 0 ambiguous bases; corrected 0 small insertions totaling 0 bases, 0 small deletions totaling 0 bases
[pilon] Finished processing NODE_10_length_179_cov_113.949722:1-257
[pilon] Processing NODE_5_length_3159_cov_298.143707:1-3237
[pilon] NODE_13_length_152_cov_231.197372:1-230 log:
[pilon] frags shovill.bam: coverage 56
[pilon] Total Reads: 293, Coverage: 56, minDepth: 14
[pilon] Confirmed 230 of 230 bases (100,00%)
[pilon] Corrected 0 snps; 0 ambiguous bases; corrected 0 small insertions totaling 0 bases, 0 small deletions totaling 0 bases
[pilon] Finished processing NODE_13_length_152_cov_231.197372:1-230
[pilon] NODE_21_length_1143_cov_41.134731:1-1221 log:
[pilon] frags shovill.bam: coverage 49
[pilon] Total Reads: 294, Coverage: 49, minDepth: 12
[pilon] Confirmed 1154 of 1221 bases (94,51%)
[pilon] Corrected 0 snps; 0 ambiguous bases; corrected 0 small insertions totaling 0 bases, 0 small deletions totaling 0 bases
[pilon] Finished processing NODE_21_length_1143_cov_41.134731:1-1221
[pilon] NODE_25_length_423_cov_69.255318:1-501 log:
[pilon] frags shovill.bam: coverage 33
[pilon] Total Reads: 132, Coverage: 33, minDepth: 8
[pilon] Confirmed 470 of 501 bases (93,81%)
[pilon] Corrected 0 snps; 0 ambiguous bases; corrected 0 small insertions totaling 0 bases, 0 small deletions totaling 0 bases
[pilon] Finished processing NODE_25_length_423_cov_69.255318:1-501
[pilon] NODE_14_length_1698_cov_294.321564:1-1776 log:
[pilon] frags shovill.bam: coverage 346
[pilon] Total Reads: 3102, Coverage: 346, minDepth: 87
[pilon] Confirmed 1678 of 1776 bases (94,48%)
[pilon] Corrected 0 snps; 0 ambiguous bases; corrected 0 small insertions totaling 0 bases, 0 small deletions totaling 0 bases
[pilon] Finished processing NODE_14_length_1698_cov_294.321564:1-1776
[pilon] NODE_5_length_3159_cov_298.143707:1-3237 log:
[pilon] frags shovill.bam: coverage 396
[pilon] Total Reads: 5742, Coverage: 396, minDepth: 99
[pilon] Confirmed 3151 of 3237 bases (97,34%)
[pilon] Corrected 0 snps; 0 ambiguous bases; corrected 0 small insertions totaling 0 bases, 0 small deletions totaling 0 bases
[pilon] Finished processing NODE_5_length_3159_cov_298.143707:1-3237
[pilon] NODE_4_length_16378_cov_55.049824:1-16456 log:
[pilon] frags shovill.bam: coverage 82
[pilon] Total Reads: 5479, Coverage: 82, minDepth: 21
[pilon] Confirmed 16362 of 16456 bases (99,43%)
[pilon] Corrected 0 snps; 0 ambiguous bases; corrected 0 small insertions totaling 0 bases, 0 small deletions totaling 0 bases
[pilon] Finished processing NODE_4_length_16378_cov_55.049824:1-16456
[pilon] NODE_2_length_4265_cov_568.680664:1-4343 log:
[pilon] frags shovill.bam: coverage 791
[pilon] Total Reads: 14314, Coverage: 791, minDepth: 198
[pilon] Confirmed 4243 of 4343 bases (97,70%)
[pilon] Corrected 0 snps; 0 ambiguous bases; corrected 0 small insertions totaling 0 bases, 0 small deletions totaling 0 bases
[pilon] Finished processing NODE_2_length_4265_cov_568.680664:1-4343
[pilon] NODE_3_length_97766_cov_54.993752:1-97844 log:
[pilon] frags shovill.bam: coverage 83
[pilon] Total Reads: 32712, Coverage: 83, minDepth: 21
[pilon] Confirmed 97758 of 97844 bases (99,91%)
[pilon] Corrected 0 snps; 0 ambiguous bases; corrected 0 small insertions totaling 0 bases, 0 small deletions totaling 0 bases
[pilon] Finished processing NODE_3_length_97766_cov_54.993752:1-97844
[pilon] NODE_22_length_238238_cov_55.626534:1-238316 log:
[pilon] frags shovill.bam: coverage 84
[pilon] Total Reads: 80577, Coverage: 84, minDepth: 21
[pilon] Confirmed 238029 of 238306 bases (99,88%)
[pilon] Corrected 0 snps; 0 ambiguous bases; corrected 0 small insertions totaling 0 bases, 0 small deletions totaling 0 bases
[pilon] Finished processing NODE_22_length_238238_cov_55.626534:1-238316
[pilon] NODE_1_length_222871_cov_56.472435:1-222949 log:
[pilon] frags shovill.bam: coverage 85
[pilon] Total Reads: 76660, Coverage: 85, minDepth: 21
[pilon] Confirmed 222888 of 222949 bases (99,97%)
[pilon] Corrected 0 snps; 0 ambiguous bases; corrected 0 small insertions totaling 0 bases, 0 small deletions totaling 0 bases
[pilon] Finished processing NODE_1_length_222871_cov_56.472435:1-222949
[pilon] NODE_11_length_265172_cov_55.355961:1-265250 log:
[pilon] frags shovill.bam: coverage 84
[pilon] Total Reads: 89315, Coverage: 84, minDepth: 21
[pilon] Confirmed 264883 of 265154 bases (99,90%)
[pilon] Corrected 5 snps; 0 ambiguous bases; corrected 0 small insertions totaling 0 bases, 0 small deletions totaling 0 bases
[pilon] Finished processing NODE_11_length_265172_cov_55.355961:1-265250
[pilon] NODE_40_length_297556_cov_57.076424:1-297634 log:
[pilon] frags shovill.bam: coverage 86
[pilon] Total Reads: 102996, Coverage: 86, minDepth: 22
[pilon] Confirmed 297462 of 297634 bases (99,94%)
[pilon] Corrected 1 snps; 0 ambiguous bases; corrected 1 small insertions totaling 2 bases, 0 small deletions totaling 0 bases
[pilon] Finished processing NODE_40_length_297556_cov_57.076424:1-297634
[pilon] NODE_6_length_514894_cov_56.945026:1-514972 log:
[pilon] frags shovill.bam: coverage 86
[pilon] Total Reads: 178561, Coverage: 86, minDepth: 22
[pilon] Confirmed 514835 of 514972 bases (99,97%)
[pilon] Corrected 2 snps; 0 ambiguous bases; corrected 0 small insertions totaling 0 bases, 0 small deletions totaling 0 bases
[pilon] Finished processing NODE_6_length_514894_cov_56.945026:1-514972
[pilon] NODE_33_length_1305916_cov_56.114555:1-1305994 log:
[pilon] frags shovill.bam: coverage 85
[pilon] Total Reads: 444598, Coverage: 85, minDepth: 21
[pilon] Confirmed 1305850 of 1305994 bases (99,99%)
[pilon] Corrected 3 snps; 0 ambiguous bases; corrected 0 small insertions totaling 0 bases, 0 small deletions totaling 0 bases
[pilon] Finished processing NODE_33_length_1305916_cov_56.114555:1-1305994
[pilon] Writing NODE_1_length_222871_cov_56.472435:1-222949 changes to pilon.changes
[pilon] Writing updated NODE_1_length_222871_cov_56.472435_pilon to pilon.fasta
[pilon] Writing NODE_2_length_4265_cov_568.680664:1-4343 changes to pilon.changes
[pilon] Writing updated NODE_2_length_4265_cov_568.680664_pilon to pilon.fasta
[pilon] Writing NODE_3_length_97766_cov_54.993752:1-97844 changes to pilon.changes
[pilon] Writing updated NODE_3_length_97766_cov_54.993752_pilon to pilon.fasta
[pilon] Writing NODE_4_length_16378_cov_55.049824:1-16456 changes to pilon.changes
[pilon] Writing updated NODE_4_length_16378_cov_55.049824_pilon to pilon.fasta
[pilon] Writing NODE_5_length_3159_cov_298.143707:1-3237 changes to pilon.changes
[pilon] Writing updated NODE_5_length_3159_cov_298.143707_pilon to pilon.fasta
[pilon] Writing NODE_6_length_514894_cov_56.945026:1-514972 changes to pilon.changes
[pilon] Writing updated NODE_6_length_514894_cov_56.945026_pilon to pilon.fasta
[pilon] Writing NODE_8_length_92_cov_144.358688:1-170 changes to pilon.changes
[pilon] Writing updated NODE_8_length_92_cov_144.358688_pilon to pilon.fasta
[pilon] Writing NODE_9_length_205_cov_97.117073:1-283 changes to pilon.changes
[pilon] Writing updated NODE_9_length_205_cov_97.117073_pilon to pilon.fasta
[pilon] Writing NODE_10_length_179_cov_113.949722:1-257 changes to pilon.changes
[pilon] Writing updated NODE_10_length_179_cov_113.949722_pilon to pilon.fasta
[pilon] Writing NODE_11_length_265172_cov_55.355961:1-265250 changes to pilon.changes
[pilon] Writing updated NODE_11_length_265172_cov_55.355961_pilon to pilon.fasta
[pilon] Writing NODE_13_length_152_cov_231.197372:1-230 changes to pilon.changes
[pilon] Writing updated NODE_13_length_152_cov_231.197372_pilon to pilon.fasta
[pilon] Writing NODE_14_length_1698_cov_294.321564:1-1776 changes to pilon.changes
[pilon] Writing updated NODE_14_length_1698_cov_294.321564_pilon to pilon.fasta
[pilon] Writing NODE_16_length_92_cov_81.750000:1-170 changes to pilon.changes
[pilon] Writing updated NODE_16_length_92_cov_81.750000_pilon to pilon.fasta
[pilon] Writing NODE_18_length_656_cov_102.507622:1-734 changes to pilon.changes
[pilon] Writing updated NODE_18_length_656_cov_102.507622_pilon to pilon.fasta
[pilon] Writing NODE_19_length_150_cov_98.513336:1-228 changes to pilon.changes
[pilon] Writing updated NODE_19_length_150_cov_98.513336_pilon to pilon.fasta
[pilon] Writing NODE_21_length_1143_cov_41.134731:1-1221 changes to pilon.changes
[pilon] Writing updated NODE_21_length_1143_cov_41.134731_pilon to pilon.fasta
[pilon] Writing NODE_22_length_238238_cov_55.626534:1-238316 changes to pilon.changes
[pilon] Writing updated NODE_22_length_238238_cov_55.626534_pilon to pilon.fasta
[pilon] Writing NODE_23_length_105_cov_115.923813:1-183 changes to pilon.changes
[pilon] Writing updated NODE_23_length_105_cov_115.923813_pilon to pilon.fasta
[pilon] Writing NODE_25_length_423_cov_69.255318:1-501 changes to pilon.changes
[pilon] Writing updated NODE_25_length_423_cov_69.255318_pilon to pilon.fasta
[pilon] Writing NODE_26_length_371_cov_101.177895:1-449 changes to pilon.changes
[pilon] Writing updated NODE_26_length_371_cov_101.177895_pilon to pilon.fasta
[pilon] Writing NODE_27_length_565_cov_46.566372:1-643 changes to pilon.changes
[pilon] Writing updated NODE_27_length_565_cov_46.566372_pilon to pilon.fasta
[pilon] Writing NODE_28_length_82_cov_104.548782:1-160 changes to pilon.changes
[pilon] Writing updated NODE_28_length_82_cov_104.548782_pilon to pilon.fasta
[pilon] Writing NODE_33_length_1305916_cov_56.114555:1-1305994 changes to pilon.changes
[pilon] Writing updated NODE_33_length_1305916_cov_56.114555_pilon to pilon.fasta
[pilon] Writing NODE_36_length_85_cov_104.776474:1-163 changes to pilon.changes
[pilon] Writing updated NODE_36_length_85_cov_104.776474_pilon to pilon.fasta
[pilon] Writing NODE_37_length_182_cov_118.230766:1-260 changes to pilon.changes
[pilon] Writing updated NODE_37_length_182_cov_118.230766_pilon to pilon.fasta
[pilon] Writing NODE_40_length_297556_cov_57.076424:1-297634 changes to pilon.changes
[pilon] Writing updated NODE_40_length_297556_cov_57.076424_pilon to pilon.fasta
[pilon] Writing NODE_41_length_165_cov_88.745453:1-243 changes to pilon.changes
[pilon] Writing updated NODE_41_length_165_cov_88.745453_pilon to pilon.fasta
[pilon] Writing NODE_45_length_203_cov_44.684731:1-281 changes to pilon.changes
[pilon] Writing updated NODE_45_length_203_cov_44.684731_pilon to pilon.fasta
[pilon] Writing NODE_49_length_397_cov_41.400505:1-475 changes to pilon.changes
[pilon] Writing updated NODE_49_length_397_cov_41.400505_pilon to pilon.fasta
[pilon] Writing NODE_51_length_214_cov_95.943924:1-292 changes to pilon.changes
[pilon] Writing updated NODE_51_length_214_cov_95.943924_pilon to pilon.fasta
[pilon] Writing NODE_52_length_120_cov_101.191666:1-198 changes to pilon.changes
[pilon] Writing updated NODE_52_length_120_cov_101.191666_pilon to pilon.fasta
[pilon] Writing NODE_53_length_120_cov_150.958328:1-198 changes to pilon.changes
[pilon] Writing updated NODE_53_length_120_cov_150.958328_pilon to pilon.fasta
[pilon] Mean frags coverage: 86
[pilon] Mean total coverage: 86
[shovill] Repaired 4 contigs from velvet.fasta at 12 positions.
[shovill] Assembly is 2976112, estimated genome size was 2897220 (+2.72%)
[shovill] Using genome graph file 'velvet/contigs.LastGraph' => 'contigs.LastGraph'
[shovill] Walltime used: 3 min 53 sec
[shovill] Results in: /home/stanford/tmp/Test-01/spades_11_Feb_2020/YA00193514-LMO
[shovill] Final assembly graph: /home/stanford/tmp/Test-01/spades_11_Feb_2020/YA00193514-LMO/contigs.LastGraph
[shovill] Final assembly contigs: /home/stanford/tmp/Test-01/spades_11_Feb_2020/YA00193514-LMO/contigs.fa
[shovill] It contains 32 (min=135) contigs totalling 2976112 bp.
[shovill] Found a bug in shovill? Post it at https://github.com/tseemann/shovill/issues
[shovill] Done.
/home/stanford/tmp/Test-01/spades_11_Feb_2020/YA00193514-LMO/contigs.fa
YA00193514-LMO
/home/stanford/anaconda3/envs/jekesa/lib/python3.6/site-packages/quast-5.0.2-py3.6.egg-info/scripts/quast.py --min-contig 200 --threads 16 --conserved-genes-finding --contig-thresholds 0,200,500,1000,5000,10000,25000,50000 --output-dir /home/stanford/tmp/Test-01/assemblyMetrics_11_Feb_2020/quast_11_Feb_2020/YA00193514-LMO_assembly --labels YA00193514-LMO /home/stanford/tmp/Test-01/spades_11_Feb_2020/YA00193514-LMO/YA00193514-LMO_assembly.fasta --pe1 /home/stanford/tmp/Test-01/trimGalore_11_Feb_2020/clean_reads/YA00193514-LMO_S_val_1.fq.gz --pe2 /home/stanford/tmp/Test-01/trimGalore_11_Feb_2020/clean_reads/YA00193514-LMO_S_val_2.fq.gz --single /home/stanford/tmp/Test-01/trimGalore_11_Feb_2020/clean_reads/YA00193514-LMO_S41_L001_R1_001_unpaired_1.fq.gz --single /home/stanford/tmp/Test-01/trimGalore_11_Feb_2020/clean_reads/YA00193514-LMO_S41_L001_R2_001_unpaired_2.fq.gz

Version: 5.0.2

System information:
  OS: Linux-4.4.0-170-generic-x86_64-with-debian-stretch-sid (linux_64)
  Python version: 3.6.9
  CPUs number: 48

Started: 2020-02-11 16:26:54

Logging to /home/stanford/tmp/Test-01/assemblyMetrics_11_Feb_2020/quast_11_Feb_2020/YA00193514-LMO_assembly/quast.log

CWD: /home/stanford/repos/jekesa
Main parameters: 
  MODE: default, threads: 16, minimum contig length: 200, minimum alignment length: 65, \
  ambiguity: one, threshold for extensive misassembly size: 1000

Contigs:
  Pre-processing...
  /home/stanford/tmp/Test-01/spades_11_Feb_2020/YA00193514-LMO/YA00193514-LMO_assembly.fasta ==> YA00193514-LMO

2020-02-11 16:26:55
Running Reads analyzer...
Downloading gridss (file: gridss-1.4.1.jar)...

ERROR! Failed downloading gridss (url: https://raw.githubusercontent.com/ablab/quast/master/external_tools/gridss/gridss-1.4.1.jar), QUAST functionality will be limited! Exception caught: <urlopen error http protocol error: bad status line>
You can try to download the file manually, place it in /home/stanford/anaconda3/envs/jekesa/lib/python3.6/site-packages/quast_libs/gridss/gridss-1.4.1.jar and restart QUAST
WARNING: Failed to download binary distribution from https://github.com/ablab/quast/tree/master/external_tools/gridss. QUAST SV module will be able to search trivial deletions only. You can try to download it manually, save the jar archive under /home/stanford/anaconda3/envs/jekesa/lib/python3.6/site-packages/quast_libs/gridss, and restart QUAST.

NOTICE: Improper read names in /home/stanford/tmp/Test-01/trimGalore_11_Feb_2020/clean_reads/YA00193514-LMO_S_val_1.fq.gz (forward reads)! Names should end with /1 (for forward reads) or /2 (for reverse reads) but @M02621:192:000000000-CTV6P:1:1101:11565:1036 was found!
QUAST will attempt to fix read names.

NOTICE: Improper read names in /home/stanford/tmp/Test-01/trimGalore_11_Feb_2020/clean_reads/YA00193514-LMO_S_val_2.fq.gz (reverse reads)! Names should end with /1 (for forward reads) or /2 (for reverse reads) but @M02621:192:000000000-CTV6P:1:1101:11565:1036 was found!
QUAST will attempt to fix read names.
  Logging to files /home/stanford/tmp/Test-01/assemblyMetrics_11_Feb_2020/quast_11_Feb_2020/YA00193514-LMO_assembly/reads_stats/reads_stats.log and /home/stanford/tmp/Test-01/assemblyMetrics_11_Feb_2020/quast_11_Feb_2020/YA00193514-LMO_assembly/reads_stats/reads_stats.err...
  Pre-processing reads...
  Running BWA...
  Done.
  Sorting SAM-file...
  Analysis is finished.
  Creating total report...
    saved to /home/stanford/tmp/Test-01/assemblyMetrics_11_Feb_2020/quast_11_Feb_2020/YA00193514-LMO_assembly/reads_stats/reads_report.txt, reads_report.tsv, and reads_report.tex
Done.

2020-02-11 16:29:52
Running Basic statistics processor...
  Contig files: 
    YA00193514-LMO
  Calculating N50 and L50...
    YA00193514-LMO, N50 = 514972, L50 = 2, Total length = 2974870, GC % = 37.84, # N's per 100 kbp =  3.56
  Drawing Nx plot...
    saved to /home/stanford/tmp/Test-01/assemblyMetrics_11_Feb_2020/quast_11_Feb_2020/YA00193514-LMO_assembly/basic_stats/Nx_plot.pdf
  Drawing cumulative plot...
    saved to /home/stanford/tmp/Test-01/assemblyMetrics_11_Feb_2020/quast_11_Feb_2020/YA00193514-LMO_assembly/basic_stats/cumulative_plot.pdf
  Drawing GC content plot...
    saved to /home/stanford/tmp/Test-01/assemblyMetrics_11_Feb_2020/quast_11_Feb_2020/YA00193514-LMO_assembly/basic_stats/GC_content_plot.pdf
  Drawing YA00193514-LMO GC content plot...
    saved to /home/stanford/tmp/Test-01/assemblyMetrics_11_Feb_2020/quast_11_Feb_2020/YA00193514-LMO_assembly/basic_stats/YA00193514-LMO_GC_content_plot.pdf
Done.

NOTICE: Genes are not predicted by default. Use --gene-finding or --glimmer option to enable it.

2020-02-11 16:29:53
Running BUSCO...
  Downloading BUSCO database...
Downloading bacteria database (file: bacteria.tar.gz)...

ERROR! Failed downloading bacteria database (url: https://busco.ezlab.org/v2/datasets/bacteria_odb9.tar.gz), QUAST functionality will be limited! Exception caught: <urlopen error http protocol error: bad status line>
You can try to download the file manually, place it in /home/stanford/anaconda3/envs/jekesa/lib/python3.6/site-packages/quast_libs/busco/bacteria.tar.gz and restart QUAST
WARNING: Failed to download bacteria database from https://busco.ezlab.org/v2/datasets/bacteria_odb9.tar.gz and unpack it into /home/stanford/anaconda3/envs/jekesa/lib/python3.6/site-packages/quast_libs/busco
Failed finding conservative genes.

2020-02-11 16:29:53
Creating large visual summaries...
This may take a while: press Ctrl-C to skip this step..
  1 of 2: Creating Icarus viewers...
  2 of 2: Creating PDF with all tables and plots...
Done

2020-02-11 16:29:54
RESULTS:
  Text versions of total report are saved to /home/stanford/tmp/Test-01/assemblyMetrics_11_Feb_2020/quast_11_Feb_2020/YA00193514-LMO_assembly/report.txt, report.tsv, and report.tex
  Text versions of transposed total report are saved to /home/stanford/tmp/Test-01/assemblyMetrics_11_Feb_2020/quast_11_Feb_2020/YA00193514-LMO_assembly/transposed_report.txt, transposed_report.tsv, and transposed_report.tex
  HTML version (interactive tables and plots) is saved to /home/stanford/tmp/Test-01/assemblyMetrics_11_Feb_2020/quast_11_Feb_2020/YA00193514-LMO_assembly/report.html
  PDF version (tables and plots) is saved to /home/stanford/tmp/Test-01/assemblyMetrics_11_Feb_2020/quast_11_Feb_2020/YA00193514-LMO_assembly/report.pdf
  Icarus (contig browser) is saved to /home/stanford/tmp/Test-01/assemblyMetrics_11_Feb_2020/quast_11_Feb_2020/YA00193514-LMO_assembly/icarus.html
  Log is saved to /home/stanford/tmp/Test-01/assemblyMetrics_11_Feb_2020/quast_11_Feb_2020/YA00193514-LMO_assembly/quast.log

Finished: 2020-02-11 16:29:54
Elapsed time: 0:03:00.014982
NOTICEs: 3; WARNINGs: 2; non-fatal ERRORs: 2

Thank you for using QUAST!
noScheme NOT found in MLST database, now performing MLST typing against the entire database

[16:29:55] Found 'blastn' => /home/stanford/anaconda3/envs/jekesa/bin/blastn
[16:29:55] Found 'gzip' => /bin/gzip
[16:29:55] Excluding 2 schemes: ecoli_2 abaumannii
[16:29:55] Scanning: /home/stanford/tmp/Test-01/spades_11_Feb_2020/YA00193514-LMO/YA00193514-LMO_assembly.fasta [/home/stanford/tmp/Test-01/spades_11_Feb_2020/YA00193514-LMO/YA00193514-LMO_assembly.fasta]
[16:29:56] Found exact allele match lmonocytogenes.lhkA-5
[16:29:56] Found exact allele match lmonocytogenes.dat-3
[16:29:56] Found exact allele match lmonocytogenes.abcZ-3
[16:29:56] Found exact allele match lmonocytogenes.ldh-1
[16:29:56] Found exact allele match lmonocytogenes.dapE-3
[16:29:56] Found exact allele match lmonocytogenes.bglA-9
[16:29:56] Using label 'YA00193514-LMO_assembly.fasta' for file /home/stanford/tmp/Test-01/spades_11_Feb_2020/YA00193514-LMO/YA00193514-LMO_assembly.fasta
[16:29:56] mlst also supports --json output for the modern bioinformatician.
[16:29:56] Done.
/home/stanford/anaconda3/envs/jekesa/lib/python3.6/site-packages/multiqc/utils/config.py:45: YAMLLoadWarning: calling yaml.load() without Loader=... is deprecated, as the default Loader is unsafe. Please read https://msg.pyyaml.org/load for full details.
  configs = yaml.load(f)
/home/stanford/anaconda3/envs/jekesa/lib/python3.6/site-packages/multiqc/utils/config.py:51: YAMLLoadWarning: calling yaml.load() without Loader=... is deprecated, as the default Loader is unsafe. Please read https://msg.pyyaml.org/load for full details.
  sp = yaml.load(f)
[WARNING]         multiqc : MultiQC Version v1.8 now available!
[INFO   ]         multiqc : This is MultiQC v1.6
[INFO   ]         multiqc : --pdf specified. Using non-interactive HTML template.
[INFO   ]         multiqc : Template    : simple
[INFO   ]         multiqc : Searching '/home/stanford/tmp/Test-01/assemblyMetrics_11_Feb_2020/quast_11_Feb_2020'
[INFO   ]           quast : Found 1 reports
[INFO   ]        samtools : Found 1 flagstat reports
[INFO   ]         multiqc : Compressing plot data
[INFO   ]         multiqc : Report      : ../../tmp/Test-01/Reports_Test-01_11_Feb_2020/Test-01-quast-post-kraken/Test-01_quast.html
[INFO   ]         multiqc : Data        : ../../tmp/Test-01/Reports_Test-01_11_Feb_2020/Test-01-quast-post-kraken/Test-01_quast_data
[INFO   ]         multiqc : Plots       : ../../tmp/Test-01/Reports_Test-01_11_Feb_2020/Test-01-quast-post-kraken/multiqc_plots
[INFO   ]         multiqc : PDF Report  : /home/stanford/tmp/Test-01/Reports_Test-01_11_Feb_2020/Test-01-quast-post-kraken/Test-01_quast.pdf
[INFO   ]         multiqc : MultiQC complete
