Could not make gene from sequence	TEM-59.3000928.AF062386.30-862.931
Could not make gene from sequence	tet(45).3003196.GU584222.0-747.3314
Could not make gene from sequence	TEM-7.3000879.AF527798.1.0-785.4407
Could not make gene from sequence	SHV-12.3001071.AJ920369.23-860.1470
Could not make gene from sequence	OXA-195.3001480.HQ425493.0-822.2003
Could not make gene from sequence	LEN-14.3002477.AY265889.0-458.4404
Could not make gene from sequence	CTX-M-88.3001948.FJ873739.0-875.1553
Could not make gene from sequence	SHV-152.3001191.JX121119.0-858.1232
Could not make gene from sequence	CMY-4.3002015.Y15130.0-1143.1179
Could not make gene from sequence	CTX-M-107.3001967.JF274244.1.0-864.4326
Could not make gene from sequence	CTX-M-11.3001874.AY005110.0-846.1588
Could not make gene from sequence	SHV-162.3001201.JX121129.0-858.830
Could not make gene from sequence	AAC(6')-29a.3002583.AF263519.1.1402-1798.4408
Could not make gene from sequence	SHV-6.3001065.Y11069.0-780.1875
Could not make gene from sequence	SHV-112.3001161.EU477409.0-308.1310
Could not make gene from sequence	SHV-21.3001079.AF117745.0-780.1391
Could not make gene from sequence	LEN-8.3002458.AJ635424.0-789.1118
Could not make gene from sequence	OXA-117.3001442.EU220745.0-786.879
Could not make gene from sequence	SHV-83.3001137.AM176558.0-861.1318
Could not make gene from sequence	TEM-22.3000893.Y17583.213-1071.1725
Could not make gene from sequence	KPC-4.3002314.AY700571.0-879.1279
Could not make gene from sequence	CMY-29.3002040.EF685371.0-1143.1624
Could not make gene from sequence	TEM-191.3001051.JF949916.0-757.1076
Could not make gene from sequence	LEN-10.3002460.AJ635419.0-789.857
Could not make gene from sequence	QnrB41.3002756.JN166690.0-681.645
Could not make gene from sequence	SHV-153.3001192.JX121120.0-858.1312
Could not make gene from sequence	TEM-21.3000892.Y17582.0-858.1077
Could not make gene from sequence	ACT-16.3001827.AB737978.0-1140.1341
Could not make gene from sequence	TEM-89.3000956.AY039040.188-1022.1727
Could not make gene from sequence	AAC(6')-29b.3002584.EU118148.2006-2402.4433
Could not make gene from sequence	TEM-205.3001382.KC900516.0-858.1957
Could not make gene from sequence	TEM-213.3001390.KF663615.0-858.1246
Could not make gene from sequence	TEM-192.3001052.JF949915.0-754.1158
Could not make gene from sequence	KPC-9.3002319.FJ624872.0-851.1827
Could not make gene from sequence	LEN-6.3002476.AY265890.0-472.960
Translation of inferred gene dna sequence does not match protein sequence	cphA4.3003100.AY227050.130-895.1409
Could not make gene from sequence	SHV-150.3001189.JX121117.0-858.1064
Could not make gene from sequence	TEM-26.3000896.L19940.197-1006.1885
Could not make gene from sequence	SHV-20.3001078.AF117744.0-780.1314
Could not make gene from sequence	CTX-M-108.3001968.JF274245.0-863.1429
Could not make gene from sequence	TEM-42.3000911.X98047.0-844.1326
Could not make gene from sequence	SHV-124.3001171.GQ390806.0-813.1851
Could not make gene from sequence	SHV-53.3001110.AY590467.0-729.1484
Could not make gene from sequence	LEN-13.3002463.AJ635403.0-789.1101
Could not make gene from sequence	OXA-36.3001430.AF300985.0-739.1842
Could not make gene from sequence	OXA-104.3001636.EF581285.0-822.1122
Could not make gene from sequence	lmrC.3002881.DQ516954.0-1716.245
Could not make gene from sequence	TEM-29.3000899.Y17584.0-858.2036
Could not make gene from sequence	catS.3002688.X74948.0-492.28
Could not make gene from sequence	LEN-12.3002462.AJ635406.0-789.1023
Could not make gene from sequence	TEM-118.3000981.AY130285.0-785.924
Could not make gene from sequence	LEN-3.3002475.AY130286.0-822.763
Could not make gene from sequence	TEM-20.3000891.Y17581.78-936.1800
Could not make gene from sequence	SHV-158.3001197.JX121125.0-858.1712
Could not make gene from sequence	TEM-169.3001035.FJ873740.0-858.1075
Could not make gene from sequence	SHV-22.3001080.AF117746.0-780.1474
Could not make gene from sequence	OXA-194.3001479.HQ425492.0-822.1925
Could not make gene from sequence	OXA-16.3001411.AF043100.0-774.2001
Could not make gene from sequence	QnrB45.3002760.JQ349152.0-680.635
Could not make gene from sequence	CMY-30.3002041.EF685372.0-1143.1700
Could not make gene from sequence	GES-23.3002352.KF179354.0-861.1481
Could not make gene from sequence	SHV-149.3001188.JX121116.0-858.915
Could not make gene from sequence	QnrB40.3002755.JN166689.0-660.644
Could not make gene from sequence	QnrS3.3002792.EU077611.0-654.175
Could not make gene from sequence	CTX-M-110.3001970.JF274242.0-877.1665
Could not make gene from sequence	CTX-M-109.3001969.JF274248.1.0-865.4716
Could not make gene from sequence	OXA-197.3001482.HQ425495.0-822.883
Could not make gene from sequence	OKP-B-12.3002445.AJ635420.0-789.963
Could not make gene from sequence	SHV-147.3001186.JX121114.0-858.2021
Could not make gene from sequence	SHV-126.3001173.GQ390808.0-813.2020
Could not make gene from sequence	CTX-M-74.3001935.GQ149243.0-873.1668
Could not make gene from sequence	SHV-167.3001204.AB733453.3-849.1146
Could not make gene from sequence	ACC-3.3001817.AF180958.0-1131.1910
Could not make gene from sequence	SHV-125.3001172.GQ390807.0-813.1942
Could not make gene from sequence	SHV-19.3001077.AF117743.0-780.1147
Could not make gene from sequence	TEM-199.3001058.JX050178.0-852.1648
Could not make gene from sequence	SHV-39.3001097.AY150585.0-285.1638
Could not make gene from sequence	TEM-75.3000941.AY130284.0-785.1803
Could not make gene from sequence	LEN-4.3002472.AY130287.0-822.793
Could not make gene from sequence	OXA-33.3001427.AY008291.0-769.1299
Could not make gene from sequence	PER-5.3002367.FJ627180.0-926.1142
Could not make gene from sequence	SHV-140.3001182.JN051143.0-861.1544
Could not make gene from sequence	aad(6).3002628.AY712687.0-831.4434
Could not make gene from sequence	OXA-17.3001412.AF060206.0-774.1603
Could not make gene from sequence	SHV-123.3001170.GQ390805.0-813.1773
Could not make gene from sequence	SHV-23.3001081.AF117747.0-780.1560
Could not make gene from sequence	lmrD.3002882.DQ516970.0-1987.718
Could not make gene from sequence	SHV-154.3001193.JX121121.0-858.1389
Could not make gene from sequence	SHV-84.3001138.AM087453.25-856.1395
Could not make gene from sequence	TEM-117.3000980.AY130282.0-764.843
Could not make gene from sequence	OXA-34.3001428.AF350424.0-771.1931
Could not make gene from sequence	SHV-151.3001190.JX121118.0-858.1145
Could not make gene from sequence	SHV-148.3001187.JX121115.0-858.829
Translation of inferred gene dna sequence does not match protein sequence	tet(43).3000573.GQ244501.1.59-1619.4680
Could not make gene from sequence	CTX-M-106.3001966.HQ913565.0-870.1271
Could not make gene from sequence	SHV-159.3001198.JX121126.0-858.1788
Could not make gene from sequence	QnrB44.3002759.JQ349153.0-680.634
Translation of inferred gene dna sequence does not match protein sequence	TEM-131.3000995.AY436361.131-992.1953
Could not make gene from sequence	OXA-14.3001409.L38523.0-774.1044
Translation of inferred gene dna sequence does not match protein sequence	gyrB.3003301.NC_002952.5036-6968.2061
Could not make gene from sequence	CMY-87.3002100.AB699171.0-1143.1284
Could not make gene from sequence	CMY-59.3002069.AB587082.0-1188.1443
Translation of inferred gene dna sequence does not match protein sequence	IMI-3.3001860.GU015024.0-879.1356
Could not make gene from sequence	CTX-M-75.3001936.GQ149244.0-873.1743
Could not make gene from sequence	OXA-196.3001481.HQ425494.0-822.802
Could not make gene from sequence	LEN-7.3002457.AJ635425.0-789.1038
Could not make gene from sequence	CMY-12.3002023.Y16785.0-1143.1421
Could not make gene from sequence	OXA-72.3001705.EF534256.0-827.1138
Could not make gene from sequence	SHV-127.3001174.GQ390809.0-813.828
Translation of inferred gene dna sequence does not match protein sequence	CTX-M-160.3003168.KP128034.0-876.2091
Could not make gene from sequence	SHV-155.3001194.JX121122.0-858.1472
Could not make gene from sequence	LEN-11.3002461.AJ635417.0-789.937
Could not make gene from sequence	OXA-116.3001441.EU220744.0-786.798
Translation of inferred gene dna sequence does not match protein sequence	otrC.3002894.AY509111.0-1056.421
Could not make gene from sequence	SHV-165.3001203.JX121131.0-858.1065
Could not make gene from sequence	QnrB43.3002758.JQ349151.0-680.633
Could not make gene from sequence	SHV-163.3001202.JX121130.0-858.916
Translation of inferred gene dna sequence does not match protein sequence	CARB-18.3003174.KJ934266.0-852.942
Could not make gene from sequence	parC.3003310.CP011538.1.660262-663064.4658
Could not make gene from sequence	parC.3003309.NC_002162.1.531446-533999.3529
Translation of inferred gene dna sequence does not match protein sequence	gyrB.3003459.NC_009525.1.5239-7267.3530
Could not make gene from sequence	CARB-20.3003150.NG_048723.1.0-1052.3694
Could not make gene from sequence	AAC(6')-Ib7.3002578.Y11946.1.0-980.3683
Could not make gene from sequence	opcM.3003037.U38944.1.0-1536.3687
Could not make gene from sequence	gyrB.3003305.NC_011374.104283-106236.3354
Translation of inferred gene dna sequence does not match protein sequence	fusD.3003731.NZ_CP014057.2256545-2257187.3506
Could not make gene from sequence	Staphylococcus_aureus_GlpT.3003901.KT372193.0-1359.3678
Could not make gene from sequence	Staphylococcus_aureus_UhpT.3003902.KT372207.0-1380.3679
Could not make gene from sequence	OXA-368.3001555.KT736121.1.0-2721.3721
Could not make gene from sequence	efrA.3003948.HG970100.1.0-1457.3752
Could not make gene from sequence	efrB.3003949.HG970103.1.0-1086.3753
Could not make gene from sequence	Burkholderia_pseudomallei_Omp38.3004123.AY312416.0-1122.4100
Translation of inferred gene dna sequence does not match protein sequence	Serratia_marcescens_Omp1.3004128.CP005927.1.4320303-4321494.4104
Could not make gene from sequence	PDC-73.3004336.KR057742.1.0-1116.4209
Could not make gene from sequence	PDC-74.3004337.KR057743.1.0-1116.4210
Could not make gene from sequence	PDC-75.3004338.KR057744.1.0-1116.4211
Could not make gene from sequence	PDC-76.3004339.KR057745.1.0-1116.4212
Could not make gene from sequence	PDC-77.3004340.KR057746.1.0-1116.4213
Could not make gene from sequence	PDC-78.3004341.KR057747.1.0-1116.4214
Could not make gene from sequence	PDC-79.3004342.KR057748.1.0-1116.4215
Could not make gene from sequence	PDC-80.3004343.KR057749.1.0-1116.4216
Could not make gene from sequence	PDC-81.3004344.KR057750.1.0-1116.4217
Could not make gene from sequence	PDC-82.3004345.KR057751.1.0-1116.4218
Could not make gene from sequence	PDC-83.3004346.KR057752.1.0-1116.4219
Could not make gene from sequence	PDC-84.3004347.KR057753.1.0-1116.4220
Could not make gene from sequence	PDC-85.3004348.KR057754.1.0-1116.4221
Could not make gene from sequence	PDC-86.3004349.KR057755.1.0-1116.4222
Could not make gene from sequence	PDC-87.3004350.KR057756.1.0-1116.4223
Could not make gene from sequence	PDC-88.3004351.KR057757.1.0-1110.4224
Could not make gene from sequence	PDC-89.3004352.KR057758.1.0-1107.4225
Could not make gene from sequence	PDC-90.3004353.KR057759.1.0-1107.4226
Could not make gene from sequence	PDC-91.3004354.KR057760.1.0-1104.4227
Could not make gene from sequence	PDC-92.3004355.KR057761.1.0-1110.4228
Could not make gene from sequence	PDC-93.3004356.KR057762.1.0-1116.4229
Translation of inferred gene dna sequence does not match protein sequence	Proteus_mirabilis_chloramphenicol.3004453.M11587.1.879-1533.4425
Translation of inferred gene dna sequence does not match protein sequence	rpoB.3004480.AP009256.1667063-1670561.4766
